2022-08-16 14:09:06,632 INFO [restartedMain] c.x.m.MyNowCoderApplication [StartupInfoLogger.java:55] Starting MyNowCoderApplication using Java 1.8.0_341 on PC-20220811KRGE with PID 13932 (D:\DevelopToolData\IDEA_CODE\8月秋招项目\MyNowCoder\MyNowCoder\target\classes started by Administrator in D:\DevelopToolData\IDEA_CODE\8月秋招项目\MyNowCoder\MyNowCoder)
2022-08-16 14:09:06,639 INFO [restartedMain] c.x.m.MyNowCoderApplication [SpringApplication.java:634] No active profile set, falling back to 1 default profile: "default"
2022-08-16 14:09:06,698 INFO [restartedMain] o.s.b.d.e.DevToolsPropertyDefaultsPostProcessor [DeferredLog.java:255] Devtools property defaults active! Set 'spring.devtools.add-properties' to 'false' to disable
2022-08-16 14:09:06,699 INFO [restartedMain] o.s.b.d.e.DevToolsPropertyDefaultsPostProcessor [DeferredLog.java:255] For additional web related logging consider setting the 'logging.level.web' property to 'DEBUG'
2022-08-16 14:09:07,574 INFO [restartedMain] o.s.b.w.e.t.TomcatWebServer [TomcatWebServer.java:108] Tomcat initialized with port(s): 8083 (http)
2022-08-16 14:09:07,581 INFO [restartedMain] o.a.c.h.Http11NioProtocol [DirectJDKLog.java:173] Initializing ProtocolHandler ["http-nio-8083"]
2022-08-16 14:09:07,581 INFO [restartedMain] o.a.c.c.StandardService [DirectJDKLog.java:173] Starting service [Tomcat]
2022-08-16 14:09:07,581 INFO [restartedMain] o.a.c.c.StandardEngine [DirectJDKLog.java:173] Starting Servlet engine: [Apache Tomcat/9.0.65]
2022-08-16 14:09:07,640 INFO [restartedMain] o.a.c.c.C.[.[.[/] [DirectJDKLog.java:173] Initializing Spring embedded WebApplicationContext
2022-08-16 14:09:07,641 INFO [restartedMain] o.s.b.w.s.c.ServletWebServerApplicationContext [ServletWebServerApplicationContext.java:292] Root WebApplicationContext: initialization completed in 942 ms
2022-08-16 14:09:08,063 INFO [restartedMain] o.s.b.a.w.s.WelcomePageHandlerMapping [WelcomePageHandlerMapping.java:57] Adding welcome page template: index
2022-08-16 14:09:08,185 INFO [restartedMain] o.s.b.d.a.OptionalLiveReloadServer [OptionalLiveReloadServer.java:58] LiveReload server is running on port 35729
2022-08-16 14:09:08,198 INFO [restartedMain] o.a.c.h.Http11NioProtocol [DirectJDKLog.java:173] Starting ProtocolHandler ["http-nio-8083"]
2022-08-16 14:09:08,210 INFO [restartedMain] o.s.b.w.e.t.TomcatWebServer [TomcatWebServer.java:220] Tomcat started on port(s): 8083 (http) with context path ''
2022-08-16 14:09:08,218 INFO [restartedMain] c.x.m.MyNowCoderApplication [StartupInfoLogger.java:61] Started MyNowCoderApplication in 2.168 seconds (JVM running for 4.851)
2022-08-16 14:09:21,000 INFO [http-nio-8083-exec-1] o.a.c.c.C.[.[.[/] [DirectJDKLog.java:173] Initializing Spring DispatcherServlet 'dispatcherServlet'
2022-08-16 14:09:21,000 INFO [http-nio-8083-exec-1] o.s.w.s.DispatcherServlet [FrameworkServlet.java:525] Initializing Servlet 'dispatcherServlet'
2022-08-16 14:09:21,001 INFO [http-nio-8083-exec-1] o.s.w.s.DispatcherServlet [FrameworkServlet.java:547] Completed initialization in 1 ms
2022-08-16 14:09:21,055 INFO [http-nio-8083-exec-1] c.z.h.HikariDataSource [HikariDataSource.java:110] HikariPool-1 - Starting...
2022-08-16 14:09:36,543 INFO [http-nio-8083-exec-1] c.z.h.HikariDataSource [HikariDataSource.java:123] HikariPool-1 - Start completed.
2022-08-16 14:17:36,481 INFO [SpringApplicationShutdownHook] c.z.h.HikariDataSource [HikariDataSource.java:350] HikariPool-1 - Shutdown initiated...
2022-08-16 14:17:36,492 INFO [SpringApplicationShutdownHook] c.z.h.HikariDataSource [HikariDataSource.java:352] HikariPool-1 - Shutdown completed.
2022-08-16 14:25:36,196 INFO [restartedMain] c.x.m.MyNowCoderApplication [StartupInfoLogger.java:55] Starting MyNowCoderApplication using Java 1.8.0_341 on PC-20220811KRGE with PID 5340 (D:\DevelopToolData\IDEA_CODE\8月秋招项目\MyNowCoder\MyNowCoder\target\classes started by Administrator in D:\DevelopToolData\IDEA_CODE\8月秋招项目\MyNowCoder\MyNowCoder)
2022-08-16 14:25:36,197 INFO [restartedMain] c.x.m.MyNowCoderApplication [SpringApplication.java:634] No active profile set, falling back to 1 default profile: "default"
2022-08-16 14:25:36,232 INFO [restartedMain] o.s.b.d.e.DevToolsPropertyDefaultsPostProcessor [DeferredLog.java:255] Devtools property defaults active! Set 'spring.devtools.add-properties' to 'false' to disable
2022-08-16 14:25:36,232 INFO [restartedMain] o.s.b.d.e.DevToolsPropertyDefaultsPostProcessor [DeferredLog.java:255] For additional web related logging consider setting the 'logging.level.web' property to 'DEBUG'
2022-08-16 14:25:37,088 INFO [restartedMain] o.s.b.w.e.t.TomcatWebServer [TomcatWebServer.java:108] Tomcat initialized with port(s): 8083 (http)
2022-08-16 14:25:37,094 INFO [restartedMain] o.a.c.h.Http11NioProtocol [DirectJDKLog.java:173] Initializing ProtocolHandler ["http-nio-8083"]
2022-08-16 14:25:37,095 INFO [restartedMain] o.a.c.c.StandardService [DirectJDKLog.java:173] Starting service [Tomcat]
2022-08-16 14:25:37,095 INFO [restartedMain] o.a.c.c.StandardEngine [DirectJDKLog.java:173] Starting Servlet engine: [Apache Tomcat/9.0.65]
2022-08-16 14:25:37,150 INFO [restartedMain] o.a.c.c.C.[.[.[/] [DirectJDKLog.java:173] Initializing Spring embedded WebApplicationContext
2022-08-16 14:25:37,150 INFO [restartedMain] o.s.b.w.s.c.ServletWebServerApplicationContext [ServletWebServerApplicationContext.java:292] Root WebApplicationContext: initialization completed in 917 ms
2022-08-16 14:25:37,537 INFO [restartedMain] o.s.b.a.w.s.WelcomePageHandlerMapping [WelcomePageHandlerMapping.java:57] Adding welcome page template: index
2022-08-16 14:25:37,642 INFO [restartedMain] o.s.b.d.a.OptionalLiveReloadServer [OptionalLiveReloadServer.java:58] LiveReload server is running on port 35729
2022-08-16 14:25:37,655 INFO [restartedMain] o.a.c.h.Http11NioProtocol [DirectJDKLog.java:173] Starting ProtocolHandler ["http-nio-8083"]
2022-08-16 14:25:37,667 INFO [restartedMain] o.s.b.w.e.t.TomcatWebServer [TomcatWebServer.java:220] Tomcat started on port(s): 8083 (http) with context path ''
2022-08-16 14:25:37,674 INFO [restartedMain] c.x.m.MyNowCoderApplication [StartupInfoLogger.java:61] Started MyNowCoderApplication in 1.814 seconds (JVM running for 2.896)
2022-08-16 14:25:53,670 INFO [http-nio-8083-exec-1] o.a.c.c.C.[.[.[/] [DirectJDKLog.java:173] Initializing Spring DispatcherServlet 'dispatcherServlet'
2022-08-16 14:25:53,670 INFO [http-nio-8083-exec-1] o.s.w.s.DispatcherServlet [FrameworkServlet.java:525] Initializing Servlet 'dispatcherServlet'
2022-08-16 14:25:53,671 INFO [http-nio-8083-exec-1] o.s.w.s.DispatcherServlet [FrameworkServlet.java:547] Completed initialization in 1 ms
2022-08-16 14:25:53,720 INFO [http-nio-8083-exec-1] c.z.h.HikariDataSource [HikariDataSource.java:110] HikariPool-1 - Starting...
2022-08-16 14:25:54,156 INFO [http-nio-8083-exec-1] c.z.h.HikariDataSource [HikariDataSource.java:123] HikariPool-1 - Start completed.
2022-08-16 14:26:59,881 INFO [SpringApplicationShutdownHook] c.z.h.HikariDataSource [HikariDataSource.java:350] HikariPool-1 - Shutdown initiated...
2022-08-16 14:26:59,887 INFO [SpringApplicationShutdownHook] c.z.h.HikariDataSource [HikariDataSource.java:352] HikariPool-1 - Shutdown completed.
2022-08-16 14:54:37,537 INFO [restartedMain] c.x.m.MyNowCoderApplication [StartupInfoLogger.java:55] Starting MyNowCoderApplication using Java 1.8.0_341 on PC-20220811KRGE with PID 13232 (D:\DevelopToolData\IDEA_CODE\8月秋招项目\MyNowCoder\MyNowCoder\target\classes started by Administrator in D:\DevelopToolData\IDEA_CODE\8月秋招项目\MyNowCoder\MyNowCoder)
2022-08-16 14:54:37,540 INFO [restartedMain] c.x.m.MyNowCoderApplication [SpringApplication.java:634] No active profile set, falling back to 1 default profile: "default"
2022-08-16 14:54:37,692 INFO [restartedMain] o.s.b.d.e.DevToolsPropertyDefaultsPostProcessor [DeferredLog.java:255] Devtools property defaults active! Set 'spring.devtools.add-properties' to 'false' to disable
2022-08-16 14:54:37,693 INFO [restartedMain] o.s.b.d.e.DevToolsPropertyDefaultsPostProcessor [DeferredLog.java:255] For additional web related logging consider setting the 'logging.level.web' property to 'DEBUG'
2022-08-16 14:54:40,438 INFO [restartedMain] o.s.b.w.e.t.TomcatWebServer [TomcatWebServer.java:108] Tomcat initialized with port(s): 8083 (http)
2022-08-16 14:54:40,464 INFO [restartedMain] o.a.c.h.Http11NioProtocol [DirectJDKLog.java:173] Initializing ProtocolHandler ["http-nio-8083"]
2022-08-16 14:54:40,465 INFO [restartedMain] o.a.c.c.StandardService [DirectJDKLog.java:173] Starting service [Tomcat]
2022-08-16 14:54:40,466 INFO [restartedMain] o.a.c.c.StandardEngine [DirectJDKLog.java:173] Starting Servlet engine: [Apache Tomcat/9.0.65]
2022-08-16 14:54:40,601 INFO [restartedMain] o.a.c.c.C.[.[.[/] [DirectJDKLog.java:173] Initializing Spring embedded WebApplicationContext
2022-08-16 14:54:40,601 INFO [restartedMain] o.s.b.w.s.c.ServletWebServerApplicationContext [ServletWebServerApplicationContext.java:292] Root WebApplicationContext: initialization completed in 2907 ms
2022-08-16 14:54:41,347 INFO [restartedMain] o.s.b.a.w.s.WelcomePageHandlerMapping [WelcomePageHandlerMapping.java:57] Adding welcome page template: index
2022-08-16 14:54:41,517 INFO [restartedMain] o.s.b.d.a.OptionalLiveReloadServer [OptionalLiveReloadServer.java:58] LiveReload server is running on port 35729
2022-08-16 14:54:41,534 INFO [restartedMain] o.a.c.h.Http11NioProtocol [DirectJDKLog.java:173] Starting ProtocolHandler ["http-nio-8083"]
2022-08-16 14:54:41,549 INFO [restartedMain] o.s.b.w.e.t.TomcatWebServer [TomcatWebServer.java:220] Tomcat started on port(s): 8083 (http) with context path ''
2022-08-16 14:54:41,561 INFO [restartedMain] c.x.m.MyNowCoderApplication [StartupInfoLogger.java:61] Started MyNowCoderApplication in 5.274 seconds (JVM running for 6.94)
2022-08-16 14:54:45,007 INFO [http-nio-8083-exec-1] o.a.c.c.C.[.[.[/] [DirectJDKLog.java:173] Initializing Spring DispatcherServlet 'dispatcherServlet'
2022-08-16 14:54:45,007 INFO [http-nio-8083-exec-1] o.s.w.s.DispatcherServlet [FrameworkServlet.java:525] Initializing Servlet 'dispatcherServlet'
2022-08-16 14:54:45,008 INFO [http-nio-8083-exec-1] o.s.w.s.DispatcherServlet [FrameworkServlet.java:547] Completed initialization in 1 ms
2022-08-16 14:54:45,039 INFO [http-nio-8083-exec-1] c.z.h.HikariDataSource [HikariDataSource.java:110] HikariPool-1 - Starting...
2022-08-16 14:54:45,480 INFO [http-nio-8083-exec-1] c.z.h.HikariDataSource [HikariDataSource.java:123] HikariPool-1 - Start completed.
2022-08-16 14:56:20,210 INFO [SpringApplicationShutdownHook] c.z.h.HikariDataSource [HikariDataSource.java:350] HikariPool-1 - Shutdown initiated...
2022-08-16 14:56:20,220 INFO [SpringApplicationShutdownHook] c.z.h.HikariDataSource [HikariDataSource.java:352] HikariPool-1 - Shutdown completed.
2022-08-16 14:56:24,871 INFO [restartedMain] c.x.m.MyNowCoderApplication [StartupInfoLogger.java:55] Starting MyNowCoderApplication using Java 1.8.0_341 on PC-20220811KRGE with PID 14308 (D:\DevelopToolData\IDEA_CODE\8月秋招项目\MyNowCoder\MyNowCoder\target\classes started by Administrator in D:\DevelopToolData\IDEA_CODE\8月秋招项目\MyNowCoder\MyNowCoder)
2022-08-16 14:56:24,877 INFO [restartedMain] c.x.m.MyNowCoderApplication [SpringApplication.java:634] No active profile set, falling back to 1 default profile: "default"
2022-08-16 14:56:25,038 INFO [restartedMain] o.s.b.d.e.DevToolsPropertyDefaultsPostProcessor [DeferredLog.java:255] Devtools property defaults active! Set 'spring.devtools.add-properties' to 'false' to disable
2022-08-16 14:56:25,039 INFO [restartedMain] o.s.b.d.e.DevToolsPropertyDefaultsPostProcessor [DeferredLog.java:255] For additional web related logging consider setting the 'logging.level.web' property to 'DEBUG'
2022-08-16 14:56:26,117 INFO [restartedMain] o.s.b.w.e.t.TomcatWebServer [TomcatWebServer.java:108] Tomcat initialized with port(s): 8083 (http)
2022-08-16 14:56:26,124 INFO [restartedMain] o.a.c.h.Http11NioProtocol [DirectJDKLog.java:173] Initializing ProtocolHandler ["http-nio-8083"]
2022-08-16 14:56:26,124 INFO [restartedMain] o.a.c.c.StandardService [DirectJDKLog.java:173] Starting service [Tomcat]
2022-08-16 14:56:26,124 INFO [restartedMain] o.a.c.c.StandardEngine [DirectJDKLog.java:173] Starting Servlet engine: [Apache Tomcat/9.0.65]
2022-08-16 14:56:26,190 INFO [restartedMain] o.a.c.c.C.[.[.[/] [DirectJDKLog.java:173] Initializing Spring embedded WebApplicationContext
2022-08-16 14:56:26,190 INFO [restartedMain] o.s.b.w.s.c.ServletWebServerApplicationContext [ServletWebServerApplicationContext.java:292] Root WebApplicationContext: initialization completed in 1148 ms
2022-08-16 14:56:26,720 INFO [restartedMain] o.s.b.a.w.s.WelcomePageHandlerMapping [WelcomePageHandlerMapping.java:57] Adding welcome page template: index
2022-08-16 14:56:26,841 INFO [restartedMain] o.s.b.d.a.OptionalLiveReloadServer [OptionalLiveReloadServer.java:58] LiveReload server is running on port 35729
2022-08-16 14:56:26,855 INFO [restartedMain] o.a.c.h.Http11NioProtocol [DirectJDKLog.java:173] Starting ProtocolHandler ["http-nio-8083"]
2022-08-16 14:56:26,868 INFO [restartedMain] o.s.b.w.e.t.TomcatWebServer [TomcatWebServer.java:220] Tomcat started on port(s): 8083 (http) with context path ''
2022-08-16 14:56:26,876 INFO [restartedMain] c.x.m.MyNowCoderApplication [StartupInfoLogger.java:61] Started MyNowCoderApplication in 2.814 seconds (JVM running for 4.626)
2022-08-16 14:56:46,567 INFO [http-nio-8083-exec-1] o.a.c.c.C.[.[.[/] [DirectJDKLog.java:173] Initializing Spring DispatcherServlet 'dispatcherServlet'
2022-08-16 14:56:46,567 INFO [http-nio-8083-exec-1] o.s.w.s.DispatcherServlet [FrameworkServlet.java:525] Initializing Servlet 'dispatcherServlet'
2022-08-16 14:56:46,568 INFO [http-nio-8083-exec-1] o.s.w.s.DispatcherServlet [FrameworkServlet.java:547] Completed initialization in 1 ms
2022-08-16 14:56:46,593 INFO [http-nio-8083-exec-1] c.z.h.HikariDataSource [HikariDataSource.java:110] HikariPool-1 - Starting...
2022-08-16 14:56:46,956 INFO [http-nio-8083-exec-1] c.z.h.HikariDataSource [HikariDataSource.java:123] HikariPool-1 - Start completed.
2022-08-16 14:58:09,280 INFO [SpringApplicationShutdownHook] c.z.h.HikariDataSource [HikariDataSource.java:350] HikariPool-1 - Shutdown initiated...
2022-08-16 14:58:09,288 INFO [SpringApplicationShutdownHook] c.z.h.HikariDataSource [HikariDataSource.java:352] HikariPool-1 - Shutdown completed.
2022-08-16 15:00:06,047 INFO [restartedMain] c.x.m.MyNowCoderApplication [StartupInfoLogger.java:55] Starting MyNowCoderApplication using Java 1.8.0_341 on PC-20220811KRGE with PID 9084 (D:\DevelopToolData\IDEA_CODE\8月秋招项目\MyNowCoder\MyNowCoder\target\classes started by Administrator in D:\DevelopToolData\IDEA_CODE\8月秋招项目\MyNowCoder\MyNowCoder)
2022-08-16 15:00:06,048 INFO [restartedMain] c.x.m.MyNowCoderApplication [SpringApplication.java:634] No active profile set, falling back to 1 default profile: "default"
2022-08-16 15:00:06,088 INFO [restartedMain] o.s.b.d.e.DevToolsPropertyDefaultsPostProcessor [DeferredLog.java:255] Devtools property defaults active! Set 'spring.devtools.add-properties' to 'false' to disable
2022-08-16 15:00:06,088 INFO [restartedMain] o.s.b.d.e.DevToolsPropertyDefaultsPostProcessor [DeferredLog.java:255] For additional web related logging consider setting the 'logging.level.web' property to 'DEBUG'
2022-08-16 15:00:06,975 INFO [restartedMain] o.s.b.w.e.t.TomcatWebServer [TomcatWebServer.java:108] Tomcat initialized with port(s): 8083 (http)
2022-08-16 15:00:06,981 INFO [restartedMain] o.a.c.h.Http11NioProtocol [DirectJDKLog.java:173] Initializing ProtocolHandler ["http-nio-8083"]
2022-08-16 15:00:06,982 INFO [restartedMain] o.a.c.c.StandardService [DirectJDKLog.java:173] Starting service [Tomcat]
2022-08-16 15:00:06,982 INFO [restartedMain] o.a.c.c.StandardEngine [DirectJDKLog.java:173] Starting Servlet engine: [Apache Tomcat/9.0.65]
2022-08-16 15:00:07,037 INFO [restartedMain] o.a.c.c.C.[.[.[/] [DirectJDKLog.java:173] Initializing Spring embedded WebApplicationContext
2022-08-16 15:00:07,038 INFO [restartedMain] o.s.b.w.s.c.ServletWebServerApplicationContext [ServletWebServerApplicationContext.java:292] Root WebApplicationContext: initialization completed in 949 ms
2022-08-16 15:00:07,480 INFO [restartedMain] o.s.b.a.w.s.WelcomePageHandlerMapping [WelcomePageHandlerMapping.java:57] Adding welcome page template: index
2022-08-16 15:00:07,596 INFO [restartedMain] o.s.b.d.a.OptionalLiveReloadServer [OptionalLiveReloadServer.java:58] LiveReload server is running on port 35729
2022-08-16 15:00:07,611 INFO [restartedMain] o.a.c.h.Http11NioProtocol [DirectJDKLog.java:173] Starting ProtocolHandler ["http-nio-8083"]
2022-08-16 15:00:07,624 INFO [restartedMain] o.s.b.w.e.t.TomcatWebServer [TomcatWebServer.java:220] Tomcat started on port(s): 8083 (http) with context path ''
2022-08-16 15:00:07,632 INFO [restartedMain] c.x.m.MyNowCoderApplication [StartupInfoLogger.java:61] Started MyNowCoderApplication in 1.988 seconds (JVM running for 3.051)
2022-08-16 15:00:22,643 INFO [http-nio-8083-exec-1] o.a.c.c.C.[.[.[/] [DirectJDKLog.java:173] Initializing Spring DispatcherServlet 'dispatcherServlet'
2022-08-16 15:00:22,643 INFO [http-nio-8083-exec-1] o.s.w.s.DispatcherServlet [FrameworkServlet.java:525] Initializing Servlet 'dispatcherServlet'
2022-08-16 15:00:22,645 INFO [http-nio-8083-exec-1] o.s.w.s.DispatcherServlet [FrameworkServlet.java:547] Completed initialization in 1 ms
2022-08-16 15:00:22,672 INFO [http-nio-8083-exec-1] c.z.h.HikariDataSource [HikariDataSource.java:110] HikariPool-1 - Starting...
2022-08-16 15:00:23,027 INFO [http-nio-8083-exec-1] c.z.h.HikariDataSource [HikariDataSource.java:123] HikariPool-1 - Start completed.
2022-08-16 15:01:09,485 INFO [SpringApplicationShutdownHook] c.z.h.HikariDataSource [HikariDataSource.java:350] HikariPool-1 - Shutdown initiated...
2022-08-16 15:01:09,492 INFO [SpringApplicationShutdownHook] c.z.h.HikariDataSource [HikariDataSource.java:352] HikariPool-1 - Shutdown completed.
2022-08-16 15:04:28,813 INFO [restartedMain] c.x.m.MyNowCoderApplication [StartupInfoLogger.java:55] Starting MyNowCoderApplication using Java 1.8.0_341 on PC-20220811KRGE with PID 10988 (D:\DevelopToolData\IDEA_CODE\8月秋招项目\MyNowCoder\MyNowCoder\target\classes started by Administrator in D:\DevelopToolData\IDEA_CODE\8月秋招项目\MyNowCoder\MyNowCoder)
2022-08-16 15:04:28,814 INFO [restartedMain] c.x.m.MyNowCoderApplication [SpringApplication.java:634] No active profile set, falling back to 1 default profile: "default"
2022-08-16 15:04:28,852 INFO [restartedMain] o.s.b.d.e.DevToolsPropertyDefaultsPostProcessor [DeferredLog.java:255] Devtools property defaults active! Set 'spring.devtools.add-properties' to 'false' to disable
2022-08-16 15:04:28,853 INFO [restartedMain] o.s.b.d.e.DevToolsPropertyDefaultsPostProcessor [DeferredLog.java:255] For additional web related logging consider setting the 'logging.level.web' property to 'DEBUG'
2022-08-16 15:04:29,723 INFO [restartedMain] o.s.b.w.e.t.TomcatWebServer [TomcatWebServer.java:108] Tomcat initialized with port(s): 8083 (http)
2022-08-16 15:04:29,729 INFO [restartedMain] o.a.c.h.Http11NioProtocol [DirectJDKLog.java:173] Initializing ProtocolHandler ["http-nio-8083"]
2022-08-16 15:04:29,730 INFO [restartedMain] o.a.c.c.StandardService [DirectJDKLog.java:173] Starting service [Tomcat]
2022-08-16 15:04:29,730 INFO [restartedMain] o.a.c.c.StandardEngine [DirectJDKLog.java:173] Starting Servlet engine: [Apache Tomcat/9.0.65]
2022-08-16 15:04:29,786 INFO [restartedMain] o.a.c.c.C.[.[.[/] [DirectJDKLog.java:173] Initializing Spring embedded WebApplicationContext
2022-08-16 15:04:29,786 INFO [restartedMain] o.s.b.w.s.c.ServletWebServerApplicationContext [ServletWebServerApplicationContext.java:292] Root WebApplicationContext: initialization completed in 933 ms
2022-08-16 15:04:30,174 INFO [restartedMain] o.s.b.a.w.s.WelcomePageHandlerMapping [WelcomePageHandlerMapping.java:57] Adding welcome page template: index
2022-08-16 15:04:30,276 INFO [restartedMain] o.s.b.d.a.OptionalLiveReloadServer [OptionalLiveReloadServer.java:58] LiveReload server is running on port 35729
2022-08-16 15:04:30,290 INFO [restartedMain] o.a.c.h.Http11NioProtocol [DirectJDKLog.java:173] Starting ProtocolHandler ["http-nio-8083"]
2022-08-16 15:04:30,300 INFO [restartedMain] o.s.b.w.e.t.TomcatWebServer [TomcatWebServer.java:220] Tomcat started on port(s): 8083 (http) with context path ''
2022-08-16 15:04:30,308 INFO [restartedMain] c.x.m.MyNowCoderApplication [StartupInfoLogger.java:61] Started MyNowCoderApplication in 1.827 seconds (JVM running for 2.753)
2022-08-16 15:04:39,313 INFO [http-nio-8083-exec-1] o.a.c.c.C.[.[.[/] [DirectJDKLog.java:173] Initializing Spring DispatcherServlet 'dispatcherServlet'
2022-08-16 15:04:39,313 INFO [http-nio-8083-exec-1] o.s.w.s.DispatcherServlet [FrameworkServlet.java:525] Initializing Servlet 'dispatcherServlet'
2022-08-16 15:04:39,314 INFO [http-nio-8083-exec-1] o.s.w.s.DispatcherServlet [FrameworkServlet.java:547] Completed initialization in 0 ms
2022-08-16 15:04:39,334 INFO [http-nio-8083-exec-1] c.z.h.HikariDataSource [HikariDataSource.java:110] HikariPool-1 - Starting...
2022-08-16 15:04:39,697 INFO [http-nio-8083-exec-1] c.z.h.HikariDataSource [HikariDataSource.java:123] HikariPool-1 - Start completed.
2022-08-16 15:06:44,424 INFO [SpringApplicationShutdownHook] c.z.h.HikariDataSource [HikariDataSource.java:350] HikariPool-1 - Shutdown initiated...
2022-08-16 15:06:44,431 INFO [SpringApplicationShutdownHook] c.z.h.HikariDataSource [HikariDataSource.java:352] HikariPool-1 - Shutdown completed.
2022-08-16 15:06:48,070 INFO [restartedMain] c.x.m.MyNowCoderApplication [StartupInfoLogger.java:55] Starting MyNowCoderApplication using Java 1.8.0_341 on PC-20220811KRGE with PID 1092 (D:\DevelopToolData\IDEA_CODE\8月秋招项目\MyNowCoder\MyNowCoder\target\classes started by Administrator in D:\DevelopToolData\IDEA_CODE\8月秋招项目\MyNowCoder\MyNowCoder)
2022-08-16 15:06:48,071 INFO [restartedMain] c.x.m.MyNowCoderApplication [SpringApplication.java:634] No active profile set, falling back to 1 default profile: "default"
2022-08-16 15:06:48,104 INFO [restartedMain] o.s.b.d.e.DevToolsPropertyDefaultsPostProcessor [DeferredLog.java:255] Devtools property defaults active! Set 'spring.devtools.add-properties' to 'false' to disable
2022-08-16 15:06:48,105 INFO [restartedMain] o.s.b.d.e.DevToolsPropertyDefaultsPostProcessor [DeferredLog.java:255] For additional web related logging consider setting the 'logging.level.web' property to 'DEBUG'
2022-08-16 15:06:48,969 INFO [restartedMain] o.s.b.w.e.t.TomcatWebServer [TomcatWebServer.java:108] Tomcat initialized with port(s): 8083 (http)
2022-08-16 15:06:48,976 INFO [restartedMain] o.a.c.h.Http11NioProtocol [DirectJDKLog.java:173] Initializing ProtocolHandler ["http-nio-8083"]
2022-08-16 15:06:48,977 INFO [restartedMain] o.a.c.c.StandardService [DirectJDKLog.java:173] Starting service [Tomcat]
2022-08-16 15:06:48,977 INFO [restartedMain] o.a.c.c.StandardEngine [DirectJDKLog.java:173] Starting Servlet engine: [Apache Tomcat/9.0.65]
2022-08-16 15:06:49,033 INFO [restartedMain] o.a.c.c.C.[.[.[/] [DirectJDKLog.java:173] Initializing Spring embedded WebApplicationContext
2022-08-16 15:06:49,033 INFO [restartedMain] o.s.b.w.s.c.ServletWebServerApplicationContext [ServletWebServerApplicationContext.java:292] Root WebApplicationContext: initialization completed in 928 ms
2022-08-16 15:06:49,583 INFO [restartedMain] o.s.b.a.w.s.WelcomePageHandlerMapping [WelcomePageHandlerMapping.java:57] Adding welcome page template: index
2022-08-16 15:06:49,709 INFO [restartedMain] o.s.b.d.a.OptionalLiveReloadServer [OptionalLiveReloadServer.java:58] LiveReload server is running on port 35729
2022-08-16 15:06:49,723 INFO [restartedMain] o.a.c.h.Http11NioProtocol [DirectJDKLog.java:173] Starting ProtocolHandler ["http-nio-8083"]
2022-08-16 15:06:49,735 INFO [restartedMain] o.s.b.w.e.t.TomcatWebServer [TomcatWebServer.java:220] Tomcat started on port(s): 8083 (http) with context path ''
2022-08-16 15:06:49,744 INFO [restartedMain] c.x.m.MyNowCoderApplication [StartupInfoLogger.java:61] Started MyNowCoderApplication in 2.186 seconds (JVM running for 3.212)
2022-08-16 15:06:58,269 INFO [http-nio-8083-exec-1] o.a.c.c.C.[.[.[/] [DirectJDKLog.java:173] Initializing Spring DispatcherServlet 'dispatcherServlet'
2022-08-16 15:06:58,269 INFO [http-nio-8083-exec-1] o.s.w.s.DispatcherServlet [FrameworkServlet.java:525] Initializing Servlet 'dispatcherServlet'
2022-08-16 15:06:58,270 INFO [http-nio-8083-exec-1] o.s.w.s.DispatcherServlet [FrameworkServlet.java:547] Completed initialization in 1 ms
2022-08-16 15:06:58,297 INFO [http-nio-8083-exec-1] c.z.h.HikariDataSource [HikariDataSource.java:110] HikariPool-1 - Starting...
2022-08-16 15:06:58,705 INFO [http-nio-8083-exec-1] c.z.h.HikariDataSource [HikariDataSource.java:123] HikariPool-1 - Start completed.
2022-08-16 15:08:21,518 INFO [SpringApplicationShutdownHook] c.z.h.HikariDataSource [HikariDataSource.java:350] HikariPool-1 - Shutdown initiated...
2022-08-16 15:08:21,526 INFO [SpringApplicationShutdownHook] c.z.h.HikariDataSource [HikariDataSource.java:352] HikariPool-1 - Shutdown completed.
2022-08-16 15:08:26,007 INFO [restartedMain] c.x.m.MyNowCoderApplication [StartupInfoLogger.java:55] Starting MyNowCoderApplication using Java 1.8.0_341 on PC-20220811KRGE with PID 3736 (D:\DevelopToolData\IDEA_CODE\8月秋招项目\MyNowCoder\MyNowCoder\target\classes started by Administrator in D:\DevelopToolData\IDEA_CODE\8月秋招项目\MyNowCoder\MyNowCoder)
2022-08-16 15:08:26,008 INFO [restartedMain] c.x.m.MyNowCoderApplication [SpringApplication.java:634] No active profile set, falling back to 1 default profile: "default"
2022-08-16 15:08:26,041 INFO [restartedMain] o.s.b.d.e.DevToolsPropertyDefaultsPostProcessor [DeferredLog.java:255] Devtools property defaults active! Set 'spring.devtools.add-properties' to 'false' to disable
2022-08-16 15:08:26,041 INFO [restartedMain] o.s.b.d.e.DevToolsPropertyDefaultsPostProcessor [DeferredLog.java:255] For additional web related logging consider setting the 'logging.level.web' property to 'DEBUG'
2022-08-16 15:08:27,167 INFO [restartedMain] o.s.b.w.e.t.TomcatWebServer [TomcatWebServer.java:108] Tomcat initialized with port(s): 8083 (http)
2022-08-16 15:08:27,173 INFO [restartedMain] o.a.c.h.Http11NioProtocol [DirectJDKLog.java:173] Initializing ProtocolHandler ["http-nio-8083"]
2022-08-16 15:08:27,174 INFO [restartedMain] o.a.c.c.StandardService [DirectJDKLog.java:173] Starting service [Tomcat]
2022-08-16 15:08:27,174 INFO [restartedMain] o.a.c.c.StandardEngine [DirectJDKLog.java:173] Starting Servlet engine: [Apache Tomcat/9.0.65]
2022-08-16 15:08:27,239 INFO [restartedMain] o.a.c.c.C.[.[.[/] [DirectJDKLog.java:173] Initializing Spring embedded WebApplicationContext
2022-08-16 15:08:27,239 INFO [restartedMain] o.s.b.w.s.c.ServletWebServerApplicationContext [ServletWebServerApplicationContext.java:292] Root WebApplicationContext: initialization completed in 1197 ms
2022-08-16 15:08:27,686 INFO [restartedMain] o.s.b.a.w.s.WelcomePageHandlerMapping [WelcomePageHandlerMapping.java:57] Adding welcome page template: index
2022-08-16 15:08:27,812 INFO [restartedMain] o.s.b.d.a.OptionalLiveReloadServer [OptionalLiveReloadServer.java:58] LiveReload server is running on port 35729
2022-08-16 15:08:27,826 INFO [restartedMain] o.a.c.h.Http11NioProtocol [DirectJDKLog.java:173] Starting ProtocolHandler ["http-nio-8083"]
2022-08-16 15:08:27,838 INFO [restartedMain] o.s.b.w.e.t.TomcatWebServer [TomcatWebServer.java:220] Tomcat started on port(s): 8083 (http) with context path ''
2022-08-16 15:08:27,846 INFO [restartedMain] c.x.m.MyNowCoderApplication [StartupInfoLogger.java:61] Started MyNowCoderApplication in 2.306 seconds (JVM running for 3.373)
2022-08-16 15:08:35,571 INFO [http-nio-8083-exec-1] o.a.c.c.C.[.[.[/] [DirectJDKLog.java:173] Initializing Spring DispatcherServlet 'dispatcherServlet'
2022-08-16 15:08:35,571 INFO [http-nio-8083-exec-1] o.s.w.s.DispatcherServlet [FrameworkServlet.java:525] Initializing Servlet 'dispatcherServlet'
2022-08-16 15:08:35,572 INFO [http-nio-8083-exec-1] o.s.w.s.DispatcherServlet [FrameworkServlet.java:547] Completed initialization in 1 ms
2022-08-16 15:08:35,597 INFO [http-nio-8083-exec-1] c.z.h.HikariDataSource [HikariDataSource.java:110] HikariPool-1 - Starting...
2022-08-16 15:08:35,925 INFO [http-nio-8083-exec-1] c.z.h.HikariDataSource [HikariDataSource.java:123] HikariPool-1 - Start completed.
2022-08-16 15:08:57,824 INFO [SpringApplicationShutdownHook] c.z.h.HikariDataSource [HikariDataSource.java:350] HikariPool-1 - Shutdown initiated...
2022-08-16 15:08:57,832 INFO [SpringApplicationShutdownHook] c.z.h.HikariDataSource [HikariDataSource.java:352] HikariPool-1 - Shutdown completed.
2022-08-16 15:09:01,634 INFO [restartedMain] c.x.m.MyNowCoderApplication [StartupInfoLogger.java:55] Starting MyNowCoderApplication using Java 1.8.0_341 on PC-20220811KRGE with PID 2184 (D:\DevelopToolData\IDEA_CODE\8月秋招项目\MyNowCoder\MyNowCoder\target\classes started by Administrator in D:\DevelopToolData\IDEA_CODE\8月秋招项目\MyNowCoder\MyNowCoder)
2022-08-16 15:09:01,635 INFO [restartedMain] c.x.m.MyNowCoderApplication [SpringApplication.java:634] No active profile set, falling back to 1 default profile: "default"
2022-08-16 15:09:01,680 INFO [restartedMain] o.s.b.d.e.DevToolsPropertyDefaultsPostProcessor [DeferredLog.java:255] Devtools property defaults active! Set 'spring.devtools.add-properties' to 'false' to disable
2022-08-16 15:09:01,681 INFO [restartedMain] o.s.b.d.e.DevToolsPropertyDefaultsPostProcessor [DeferredLog.java:255] For additional web related logging consider setting the 'logging.level.web' property to 'DEBUG'
2022-08-16 15:09:02,534 INFO [restartedMain] o.s.b.w.e.t.TomcatWebServer [TomcatWebServer.java:108] Tomcat initialized with port(s): 8083 (http)
2022-08-16 15:09:02,542 INFO [restartedMain] o.a.c.h.Http11NioProtocol [DirectJDKLog.java:173] Initializing ProtocolHandler ["http-nio-8083"]
2022-08-16 15:09:02,542 INFO [restartedMain] o.a.c.c.StandardService [DirectJDKLog.java:173] Starting service [Tomcat]
2022-08-16 15:09:02,542 INFO [restartedMain] o.a.c.c.StandardEngine [DirectJDKLog.java:173] Starting Servlet engine: [Apache Tomcat/9.0.65]
2022-08-16 15:09:02,597 INFO [restartedMain] o.a.c.c.C.[.[.[/] [DirectJDKLog.java:173] Initializing Spring embedded WebApplicationContext
2022-08-16 15:09:02,597 INFO [restartedMain] o.s.b.w.s.c.ServletWebServerApplicationContext [ServletWebServerApplicationContext.java:292] Root WebApplicationContext: initialization completed in 916 ms
2022-08-16 15:09:03,032 INFO [restartedMain] o.s.b.a.w.s.WelcomePageHandlerMapping [WelcomePageHandlerMapping.java:57] Adding welcome page template: index
2022-08-16 15:09:03,153 INFO [restartedMain] o.s.b.d.a.OptionalLiveReloadServer [OptionalLiveReloadServer.java:58] LiveReload server is running on port 35729
2022-08-16 15:09:03,167 INFO [restartedMain] o.a.c.h.Http11NioProtocol [DirectJDKLog.java:173] Starting ProtocolHandler ["http-nio-8083"]
2022-08-16 15:09:03,180 INFO [restartedMain] o.s.b.w.e.t.TomcatWebServer [TomcatWebServer.java:220] Tomcat started on port(s): 8083 (http) with context path ''
2022-08-16 15:09:03,189 INFO [restartedMain] c.x.m.MyNowCoderApplication [StartupInfoLogger.java:61] Started MyNowCoderApplication in 2.064 seconds (JVM running for 3.083)
2022-08-16 15:09:25,064 INFO [http-nio-8083-exec-1] o.a.c.c.C.[.[.[/] [DirectJDKLog.java:173] Initializing Spring DispatcherServlet 'dispatcherServlet'
2022-08-16 15:09:25,065 INFO [http-nio-8083-exec-1] o.s.w.s.DispatcherServlet [FrameworkServlet.java:525] Initializing Servlet 'dispatcherServlet'
2022-08-16 15:09:25,065 INFO [http-nio-8083-exec-1] o.s.w.s.DispatcherServlet [FrameworkServlet.java:547] Completed initialization in 0 ms
2022-08-16 15:09:25,092 INFO [http-nio-8083-exec-1] c.z.h.HikariDataSource [HikariDataSource.java:110] HikariPool-1 - Starting...
2022-08-16 15:09:25,481 INFO [http-nio-8083-exec-1] c.z.h.HikariDataSource [HikariDataSource.java:123] HikariPool-1 - Start completed.
2022-08-16 15:12:13,716 INFO [SpringApplicationShutdownHook] c.z.h.HikariDataSource [HikariDataSource.java:350] HikariPool-1 - Shutdown initiated...
2022-08-16 15:12:13,744 INFO [SpringApplicationShutdownHook] c.z.h.HikariDataSource [HikariDataSource.java:352] HikariPool-1 - Shutdown completed.
2022-08-16 15:12:17,844 INFO [restartedMain] c.x.m.MyNowCoderApplication [StartupInfoLogger.java:55] Starting MyNowCoderApplication using Java 1.8.0_341 on PC-20220811KRGE with PID 4504 (D:\DevelopToolData\IDEA_CODE\8月秋招项目\MyNowCoder\MyNowCoder\target\classes started by Administrator in D:\DevelopToolData\IDEA_CODE\8月秋招项目\MyNowCoder\MyNowCoder)
2022-08-16 15:12:17,846 INFO [restartedMain] c.x.m.MyNowCoderApplication [SpringApplication.java:634] No active profile set, falling back to 1 default profile: "default"
2022-08-16 15:12:17,879 INFO [restartedMain] o.s.b.d.e.DevToolsPropertyDefaultsPostProcessor [DeferredLog.java:255] Devtools property defaults active! Set 'spring.devtools.add-properties' to 'false' to disable
2022-08-16 15:12:17,879 INFO [restartedMain] o.s.b.d.e.DevToolsPropertyDefaultsPostProcessor [DeferredLog.java:255] For additional web related logging consider setting the 'logging.level.web' property to 'DEBUG'
2022-08-16 15:12:19,614 INFO [restartedMain] o.s.b.w.e.t.TomcatWebServer [TomcatWebServer.java:108] Tomcat initialized with port(s): 8083 (http)
2022-08-16 15:12:19,628 INFO [restartedMain] o.a.c.h.Http11NioProtocol [DirectJDKLog.java:173] Initializing ProtocolHandler ["http-nio-8083"]
2022-08-16 15:12:19,629 INFO [restartedMain] o.a.c.c.StandardService [DirectJDKLog.java:173] Starting service [Tomcat]
2022-08-16 15:12:19,629 INFO [restartedMain] o.a.c.c.StandardEngine [DirectJDKLog.java:173] Starting Servlet engine: [Apache Tomcat/9.0.65]
2022-08-16 15:12:19,733 INFO [restartedMain] o.a.c.c.C.[.[.[/] [DirectJDKLog.java:173] Initializing Spring embedded WebApplicationContext
2022-08-16 15:12:19,733 INFO [restartedMain] o.s.b.w.s.c.ServletWebServerApplicationContext [ServletWebServerApplicationContext.java:292] Root WebApplicationContext: initialization completed in 1853 ms
2022-08-16 15:12:20,251 INFO [restartedMain] o.s.b.a.w.s.WelcomePageHandlerMapping [WelcomePageHandlerMapping.java:57] Adding welcome page template: index
2022-08-16 15:12:20,370 INFO [restartedMain] o.s.b.d.a.OptionalLiveReloadServer [OptionalLiveReloadServer.java:58] LiveReload server is running on port 35729
2022-08-16 15:12:20,385 INFO [restartedMain] o.a.c.h.Http11NioProtocol [DirectJDKLog.java:173] Starting ProtocolHandler ["http-nio-8083"]
2022-08-16 15:12:20,398 INFO [restartedMain] o.s.b.w.e.t.TomcatWebServer [TomcatWebServer.java:220] Tomcat started on port(s): 8083 (http) with context path ''
2022-08-16 15:12:20,406 INFO [restartedMain] c.x.m.MyNowCoderApplication [StartupInfoLogger.java:61] Started MyNowCoderApplication in 3.146 seconds (JVM running for 4.451)
2022-08-16 15:12:57,816 INFO [http-nio-8083-exec-1] o.a.c.c.C.[.[.[/] [DirectJDKLog.java:173] Initializing Spring DispatcherServlet 'dispatcherServlet'
2022-08-16 15:12:57,816 INFO [http-nio-8083-exec-1] o.s.w.s.DispatcherServlet [FrameworkServlet.java:525] Initializing Servlet 'dispatcherServlet'
2022-08-16 15:12:57,817 INFO [http-nio-8083-exec-1] o.s.w.s.DispatcherServlet [FrameworkServlet.java:547] Completed initialization in 1 ms
2022-08-16 15:12:57,847 INFO [http-nio-8083-exec-1] c.z.h.HikariDataSource [HikariDataSource.java:110] HikariPool-1 - Starting...
2022-08-16 15:12:58,184 INFO [http-nio-8083-exec-1] c.z.h.HikariDataSource [HikariDataSource.java:123] HikariPool-1 - Start completed.
2022-08-16 15:20:59,676 INFO [SpringApplicationShutdownHook] c.z.h.HikariDataSource [HikariDataSource.java:350] HikariPool-1 - Shutdown initiated...
2022-08-16 15:20:59,685 INFO [SpringApplicationShutdownHook] c.z.h.HikariDataSource [HikariDataSource.java:352] HikariPool-1 - Shutdown completed.
2022-08-16 15:21:05,348 INFO [restartedMain] c.x.m.MyNowCoderApplication [StartupInfoLogger.java:55] Starting MyNowCoderApplication using Java 1.8.0_341 on PC-20220811KRGE with PID 2464 (D:\DevelopToolData\IDEA_CODE\8月秋招项目\MyNowCoder\MyNowCoder\target\classes started by Administrator in D:\DevelopToolData\IDEA_CODE\8月秋招项目\MyNowCoder\MyNowCoder)
2022-08-16 15:21:05,349 INFO [restartedMain] c.x.m.MyNowCoderApplication [SpringApplication.java:634] No active profile set, falling back to 1 default profile: "default"
2022-08-16 15:21:05,382 INFO [restartedMain] o.s.b.d.e.DevToolsPropertyDefaultsPostProcessor [DeferredLog.java:255] Devtools property defaults active! Set 'spring.devtools.add-properties' to 'false' to disable
2022-08-16 15:21:05,382 INFO [restartedMain] o.s.b.d.e.DevToolsPropertyDefaultsPostProcessor [DeferredLog.java:255] For additional web related logging consider setting the 'logging.level.web' property to 'DEBUG'
2022-08-16 15:21:06,306 INFO [restartedMain] o.s.b.w.e.t.TomcatWebServer [TomcatWebServer.java:108] Tomcat initialized with port(s): 8083 (http)
2022-08-16 15:21:06,314 INFO [restartedMain] o.a.c.h.Http11NioProtocol [DirectJDKLog.java:173] Initializing ProtocolHandler ["http-nio-8083"]
2022-08-16 15:21:06,314 INFO [restartedMain] o.a.c.c.StandardService [DirectJDKLog.java:173] Starting service [Tomcat]
2022-08-16 15:21:06,314 INFO [restartedMain] o.a.c.c.StandardEngine [DirectJDKLog.java:173] Starting Servlet engine: [Apache Tomcat/9.0.65]
2022-08-16 15:21:06,373 INFO [restartedMain] o.a.c.c.C.[.[.[/] [DirectJDKLog.java:173] Initializing Spring embedded WebApplicationContext
2022-08-16 15:21:06,374 INFO [restartedMain] o.s.b.w.s.c.ServletWebServerApplicationContext [ServletWebServerApplicationContext.java:292] Root WebApplicationContext: initialization completed in 991 ms
2022-08-16 15:21:06,843 INFO [restartedMain] o.s.b.a.w.s.WelcomePageHandlerMapping [WelcomePageHandlerMapping.java:57] Adding welcome page template: index
2022-08-16 15:21:06,989 INFO [restartedMain] o.s.b.d.a.OptionalLiveReloadServer [OptionalLiveReloadServer.java:58] LiveReload server is running on port 35729
2022-08-16 15:21:07,005 INFO [restartedMain] o.a.c.h.Http11NioProtocol [DirectJDKLog.java:173] Starting ProtocolHandler ["http-nio-8083"]
2022-08-16 15:21:07,018 INFO [restartedMain] o.s.b.w.e.t.TomcatWebServer [TomcatWebServer.java:220] Tomcat started on port(s): 8083 (http) with context path ''
2022-08-16 15:21:07,026 INFO [restartedMain] c.x.m.MyNowCoderApplication [StartupInfoLogger.java:61] Started MyNowCoderApplication in 2.189 seconds (JVM running for 3.468)
2022-08-16 15:21:21,552 INFO [http-nio-8083-exec-1] o.a.c.c.C.[.[.[/] [DirectJDKLog.java:173] Initializing Spring DispatcherServlet 'dispatcherServlet'
2022-08-16 15:21:21,552 INFO [http-nio-8083-exec-1] o.s.w.s.DispatcherServlet [FrameworkServlet.java:525] Initializing Servlet 'dispatcherServlet'
2022-08-16 15:21:21,553 INFO [http-nio-8083-exec-1] o.s.w.s.DispatcherServlet [FrameworkServlet.java:547] Completed initialization in 1 ms
2022-08-16 15:21:21,579 INFO [http-nio-8083-exec-1] c.z.h.HikariDataSource [HikariDataSource.java:110] HikariPool-1 - Starting...
2022-08-16 15:21:21,908 INFO [http-nio-8083-exec-1] c.z.h.HikariDataSource [HikariDataSource.java:123] HikariPool-1 - Start completed.
2022-08-16 15:23:50,582 INFO [SpringApplicationShutdownHook] c.z.h.HikariDataSource [HikariDataSource.java:350] HikariPool-1 - Shutdown initiated...
2022-08-16 15:23:50,588 INFO [SpringApplicationShutdownHook] c.z.h.HikariDataSource [HikariDataSource.java:352] HikariPool-1 - Shutdown completed.
2022-08-16 15:50:17,833 INFO [restartedMain] c.x.m.MyNowCoderApplication [StartupInfoLogger.java:55] Starting MyNowCoderApplication using Java 1.8.0_341 on PC-20220811KRGE with PID 2724 (D:\DevelopToolData\IDEA_CODE\8月秋招项目\MyNowCoder\MyNowCoder\target\classes started by Administrator in D:\DevelopToolData\IDEA_CODE\8月秋招项目\MyNowCoder\MyNowCoder)
2022-08-16 15:50:17,834 INFO [restartedMain] c.x.m.MyNowCoderApplication [SpringApplication.java:634] No active profile set, falling back to 1 default profile: "default"
2022-08-16 15:50:17,875 INFO [restartedMain] o.s.b.d.e.DevToolsPropertyDefaultsPostProcessor [DeferredLog.java:255] Devtools property defaults active! Set 'spring.devtools.add-properties' to 'false' to disable
2022-08-16 15:50:17,875 INFO [restartedMain] o.s.b.d.e.DevToolsPropertyDefaultsPostProcessor [DeferredLog.java:255] For additional web related logging consider setting the 'logging.level.web' property to 'DEBUG'
2022-08-16 15:50:19,254 INFO [restartedMain] o.s.b.w.e.t.TomcatWebServer [TomcatWebServer.java:108] Tomcat initialized with port(s): 8083 (http)
2022-08-16 15:50:19,271 INFO [restartedMain] o.a.c.h.Http11NioProtocol [DirectJDKLog.java:173] Initializing ProtocolHandler ["http-nio-8083"]
2022-08-16 15:50:19,271 INFO [restartedMain] o.a.c.c.StandardService [DirectJDKLog.java:173] Starting service [Tomcat]
2022-08-16 15:50:19,272 INFO [restartedMain] o.a.c.c.StandardEngine [DirectJDKLog.java:173] Starting Servlet engine: [Apache Tomcat/9.0.65]
2022-08-16 15:50:19,526 INFO [restartedMain] o.a.c.c.C.[.[.[/] [DirectJDKLog.java:173] Initializing Spring embedded WebApplicationContext
2022-08-16 15:50:19,526 INFO [restartedMain] o.s.b.w.s.c.ServletWebServerApplicationContext [ServletWebServerApplicationContext.java:292] Root WebApplicationContext: initialization completed in 1650 ms
2022-08-16 15:50:20,226 INFO [restartedMain] o.s.b.a.w.s.WelcomePageHandlerMapping [WelcomePageHandlerMapping.java:57] Adding welcome page template: index
2022-08-16 15:50:20,365 INFO [restartedMain] o.s.b.d.a.OptionalLiveReloadServer [OptionalLiveReloadServer.java:58] LiveReload server is running on port 35729
2022-08-16 15:50:20,379 INFO [restartedMain] o.a.c.h.Http11NioProtocol [DirectJDKLog.java:173] Starting ProtocolHandler ["http-nio-8083"]
2022-08-16 15:50:20,391 INFO [restartedMain] o.s.b.w.e.t.TomcatWebServer [TomcatWebServer.java:220] Tomcat started on port(s): 8083 (http) with context path ''
2022-08-16 15:50:20,401 INFO [restartedMain] c.x.m.MyNowCoderApplication [StartupInfoLogger.java:61] Started MyNowCoderApplication in 2.984 seconds (JVM running for 3.912)
2022-08-16 15:50:34,240 INFO [http-nio-8083-exec-2] o.a.c.c.C.[.[.[/] [DirectJDKLog.java:173] Initializing Spring DispatcherServlet 'dispatcherServlet'
2022-08-16 15:50:34,240 INFO [http-nio-8083-exec-2] o.s.w.s.DispatcherServlet [FrameworkServlet.java:525] Initializing Servlet 'dispatcherServlet'
2022-08-16 15:50:34,241 INFO [http-nio-8083-exec-2] o.s.w.s.DispatcherServlet [FrameworkServlet.java:547] Completed initialization in 0 ms
2022-08-16 15:50:34,271 INFO [http-nio-8083-exec-2] c.z.h.HikariDataSource [HikariDataSource.java:110] HikariPool-1 - Starting...
2022-08-16 15:50:34,591 INFO [http-nio-8083-exec-2] c.z.h.HikariDataSource [HikariDataSource.java:123] HikariPool-1 - Start completed.
2022-08-16 15:52:49,353 INFO [SpringApplicationShutdownHook] c.z.h.HikariDataSource [HikariDataSource.java:350] HikariPool-1 - Shutdown initiated...
2022-08-16 15:52:49,359 INFO [SpringApplicationShutdownHook] c.z.h.HikariDataSource [HikariDataSource.java:352] HikariPool-1 - Shutdown completed.
2022-08-16 15:52:52,932 INFO [restartedMain] c.x.m.MyNowCoderApplication [StartupInfoLogger.java:55] Starting MyNowCoderApplication using Java 1.8.0_341 on PC-20220811KRGE with PID 4008 (D:\DevelopToolData\IDEA_CODE\8月秋招项目\MyNowCoder\MyNowCoder\target\classes started by Administrator in D:\DevelopToolData\IDEA_CODE\8月秋招项目\MyNowCoder\MyNowCoder)
2022-08-16 15:52:52,935 INFO [restartedMain] c.x.m.MyNowCoderApplication [SpringApplication.java:634] No active profile set, falling back to 1 default profile: "default"
2022-08-16 15:52:52,974 INFO [restartedMain] o.s.b.d.e.DevToolsPropertyDefaultsPostProcessor [DeferredLog.java:255] Devtools property defaults active! Set 'spring.devtools.add-properties' to 'false' to disable
2022-08-16 15:52:52,974 INFO [restartedMain] o.s.b.d.e.DevToolsPropertyDefaultsPostProcessor [DeferredLog.java:255] For additional web related logging consider setting the 'logging.level.web' property to 'DEBUG'
2022-08-16 15:52:53,925 INFO [restartedMain] o.s.b.w.e.t.TomcatWebServer [TomcatWebServer.java:108] Tomcat initialized with port(s): 8083 (http)
2022-08-16 15:52:53,931 INFO [restartedMain] o.a.c.h.Http11NioProtocol [DirectJDKLog.java:173] Initializing ProtocolHandler ["http-nio-8083"]
2022-08-16 15:52:53,932 INFO [restartedMain] o.a.c.c.StandardService [DirectJDKLog.java:173] Starting service [Tomcat]
2022-08-16 15:52:53,932 INFO [restartedMain] o.a.c.c.StandardEngine [DirectJDKLog.java:173] Starting Servlet engine: [Apache Tomcat/9.0.65]
2022-08-16 15:52:53,989 INFO [restartedMain] o.a.c.c.C.[.[.[/] [DirectJDKLog.java:173] Initializing Spring embedded WebApplicationContext
2022-08-16 15:52:53,990 INFO [restartedMain] o.s.b.w.s.c.ServletWebServerApplicationContext [ServletWebServerApplicationContext.java:292] Root WebApplicationContext: initialization completed in 1016 ms
2022-08-16 15:52:54,444 INFO [restartedMain] o.s.b.a.w.s.WelcomePageHandlerMapping [WelcomePageHandlerMapping.java:57] Adding welcome page template: index
2022-08-16 15:52:54,571 INFO [restartedMain] o.s.b.d.a.OptionalLiveReloadServer [OptionalLiveReloadServer.java:58] LiveReload server is running on port 35729
2022-08-16 15:52:54,587 INFO [restartedMain] o.a.c.h.Http11NioProtocol [DirectJDKLog.java:173] Starting ProtocolHandler ["http-nio-8083"]
2022-08-16 15:52:54,600 INFO [restartedMain] o.s.b.w.e.t.TomcatWebServer [TomcatWebServer.java:220] Tomcat started on port(s): 8083 (http) with context path ''
2022-08-16 15:52:54,608 INFO [restartedMain] c.x.m.MyNowCoderApplication [StartupInfoLogger.java:61] Started MyNowCoderApplication in 2.207 seconds (JVM running for 3.263)
2022-08-16 15:53:03,775 INFO [http-nio-8083-exec-1] o.a.c.c.C.[.[.[/] [DirectJDKLog.java:173] Initializing Spring DispatcherServlet 'dispatcherServlet'
2022-08-16 15:53:03,776 INFO [http-nio-8083-exec-1] o.s.w.s.DispatcherServlet [FrameworkServlet.java:525] Initializing Servlet 'dispatcherServlet'
2022-08-16 15:53:03,777 INFO [http-nio-8083-exec-1] o.s.w.s.DispatcherServlet [FrameworkServlet.java:547] Completed initialization in 1 ms
2022-08-16 15:53:03,804 INFO [http-nio-8083-exec-1] c.z.h.HikariDataSource [HikariDataSource.java:110] HikariPool-1 - Starting...
2022-08-16 15:53:04,164 INFO [http-nio-8083-exec-1] c.z.h.HikariDataSource [HikariDataSource.java:123] HikariPool-1 - Start completed.
2022-08-16 16:07:54,734 INFO [SpringApplicationShutdownHook] c.z.h.HikariDataSource [HikariDataSource.java:350] HikariPool-1 - Shutdown initiated...
2022-08-16 16:07:54,750 INFO [SpringApplicationShutdownHook] c.z.h.HikariDataSource [HikariDataSource.java:352] HikariPool-1 - Shutdown completed.
2022-08-16 16:15:06,032 INFO [restartedMain] c.x.m.MyNowCoderApplication [StartupInfoLogger.java:55] Starting MyNowCoderApplication using Java 1.8.0_341 on PC-20220811KRGE with PID 1360 (D:\DevelopToolData\IDEA_CODE\8月秋招项目\MyNowCoder\MyNowCoder\target\classes started by Administrator in D:\DevelopToolData\IDEA_CODE\8月秋招项目\MyNowCoder\MyNowCoder)
2022-08-16 16:15:06,042 INFO [restartedMain] c.x.m.MyNowCoderApplication [SpringApplication.java:634] No active profile set, falling back to 1 default profile: "default"
2022-08-16 16:15:06,078 INFO [restartedMain] o.s.b.d.e.DevToolsPropertyDefaultsPostProcessor [DeferredLog.java:255] Devtools property defaults active! Set 'spring.devtools.add-properties' to 'false' to disable
2022-08-16 16:15:06,078 INFO [restartedMain] o.s.b.d.e.DevToolsPropertyDefaultsPostProcessor [DeferredLog.java:255] For additional web related logging consider setting the 'logging.level.web' property to 'DEBUG'
2022-08-16 16:15:07,035 INFO [restartedMain] o.s.b.w.e.t.TomcatWebServer [TomcatWebServer.java:108] Tomcat initialized with port(s): 8083 (http)
2022-08-16 16:15:07,042 INFO [restartedMain] o.a.c.h.Http11NioProtocol [DirectJDKLog.java:173] Initializing ProtocolHandler ["http-nio-8083"]
2022-08-16 16:15:07,042 INFO [restartedMain] o.a.c.c.StandardService [DirectJDKLog.java:173] Starting service [Tomcat]
2022-08-16 16:15:07,042 INFO [restartedMain] o.a.c.c.StandardEngine [DirectJDKLog.java:173] Starting Servlet engine: [Apache Tomcat/9.0.65]
2022-08-16 16:15:07,100 INFO [restartedMain] o.a.c.c.C.[.[.[/] [DirectJDKLog.java:173] Initializing Spring embedded WebApplicationContext
2022-08-16 16:15:07,100 INFO [restartedMain] o.s.b.w.s.c.ServletWebServerApplicationContext [ServletWebServerApplicationContext.java:292] Root WebApplicationContext: initialization completed in 1021 ms
2022-08-16 16:15:07,558 INFO [restartedMain] o.s.b.a.w.s.WelcomePageHandlerMapping [WelcomePageHandlerMapping.java:57] Adding welcome page template: index
2022-08-16 16:15:07,679 INFO [restartedMain] o.s.b.d.a.OptionalLiveReloadServer [OptionalLiveReloadServer.java:58] LiveReload server is running on port 35729
2022-08-16 16:15:07,694 INFO [restartedMain] o.a.c.h.Http11NioProtocol [DirectJDKLog.java:173] Starting ProtocolHandler ["http-nio-8083"]
2022-08-16 16:15:07,707 INFO [restartedMain] o.s.b.w.e.t.TomcatWebServer [TomcatWebServer.java:220] Tomcat started on port(s): 8083 (http) with context path ''
2022-08-16 16:15:07,715 INFO [restartedMain] c.x.m.MyNowCoderApplication [StartupInfoLogger.java:61] Started MyNowCoderApplication in 2.112 seconds (JVM running for 3.2)
2022-08-16 16:15:17,879 INFO [http-nio-8083-exec-1] o.a.c.c.C.[.[.[/] [DirectJDKLog.java:173] Initializing Spring DispatcherServlet 'dispatcherServlet'
2022-08-16 16:15:17,879 INFO [http-nio-8083-exec-1] o.s.w.s.DispatcherServlet [FrameworkServlet.java:525] Initializing Servlet 'dispatcherServlet'
2022-08-16 16:15:17,880 INFO [http-nio-8083-exec-1] o.s.w.s.DispatcherServlet [FrameworkServlet.java:547] Completed initialization in 1 ms
2022-08-16 16:15:17,909 INFO [http-nio-8083-exec-1] c.z.h.HikariDataSource [HikariDataSource.java:110] HikariPool-1 - Starting...
2022-08-16 16:15:18,254 INFO [http-nio-8083-exec-1] c.z.h.HikariDataSource [HikariDataSource.java:123] HikariPool-1 - Start completed.
2022-08-16 16:47:24,823 INFO [SpringApplicationShutdownHook] c.z.h.HikariDataSource [HikariDataSource.java:350] HikariPool-1 - Shutdown initiated...
2022-08-16 16:47:24,830 INFO [SpringApplicationShutdownHook] c.z.h.HikariDataSource [HikariDataSource.java:352] HikariPool-1 - Shutdown completed.
2022-08-16 16:47:58,493 INFO [main] c.x.m.MyNowCoderApplicationTests [StartupInfoLogger.java:55] Starting MyNowCoderApplicationTests using Java 1.8.0_341 on PC-20220811KRGE with PID 12172 (started by Administrator in D:\DevelopToolData\IDEA_CODE\8月秋招项目\MyNowCoder\MyNowCoder)
2022-08-16 16:47:58,495 INFO [main] c.x.m.MyNowCoderApplicationTests [SpringApplication.java:634] No active profile set, falling back to 1 default profile: "default"
2022-08-16 16:48:00,824 INFO [main] o.s.b.a.w.s.WelcomePageHandlerMapping [WelcomePageHandlerMapping.java:57] Adding welcome page template: index
2022-08-16 16:48:01,158 INFO [main] c.x.m.MyNowCoderApplicationTests [StartupInfoLogger.java:61] Started MyNowCoderApplicationTests in 3.237 seconds (JVM running for 4.199)
2022-08-16 16:55:48,757 INFO [main] c.x.m.SensitiveTests [StartupInfoLogger.java:55] Starting SensitiveTests using Java 1.8.0_341 on PC-20220811KRGE with PID 13288 (started by Administrator in D:\DevelopToolData\IDEA_CODE\8月秋招项目\MyNowCoder\MyNowCoder)
2022-08-16 16:55:48,759 INFO [main] c.x.m.SensitiveTests [SpringApplication.java:634] No active profile set, falling back to 1 default profile: "default"
2022-08-16 16:55:50,346 INFO [main] o.s.b.a.w.s.WelcomePageHandlerMapping [WelcomePageHandlerMapping.java:57] Adding welcome page template: index
2022-08-16 16:55:50,774 INFO [main] c.x.m.SensitiveTests [StartupInfoLogger.java:61] Started SensitiveTests in 2.416 seconds (JVM running for 3.174)
