2022-08-15 12:38:28,807 INFO [main] c.x.m.LoggerTest [StartupInfoLogger.java:55] Starting LoggerTest using Java 1.8.0_341 on PC-20220811KRGE with PID 18144 (started by Administrator in D:\DevelopToolData\IDEA_CODE\8月秋招项目\MyNowCoder\MyNowCoder)
2022-08-15 12:38:28,813 INFO [main] c.x.m.LoggerTest [SpringApplication.java:634] No active profile set, falling back to 1 default profile: "default"
2022-08-15 12:38:30,672 INFO [main] o.s.b.a.w.s.WelcomePageHandlerMapping [WelcomePageHandlerMapping.java:57] Adding welcome page template: index
2022-08-15 12:38:31,209 INFO [main] c.x.m.LoggerTest [StartupInfoLogger.java:61] Started LoggerTest in 3.097 seconds (JVM running for 4.419)
2022-08-15 12:38:31,480 INFO [main] c.x.m.LoggerTest [LoggerTest.java:25] info info
2022-08-15 13:04:40,361 INFO [main] c.x.m.MailTest [StartupInfoLogger.java:55] Starting MailTest using Java 1.8.0_341 on PC-20220811KRGE with PID 17520 (started by Administrator in D:\DevelopToolData\IDEA_CODE\8月秋招项目\MyNowCoder\MyNowCoder)
2022-08-15 13:04:40,363 INFO [main] c.x.m.MailTest [SpringApplication.java:634] No active profile set, falling back to 1 default profile: "default"
2022-08-15 13:04:42,552 INFO [main] o.s.b.a.w.s.WelcomePageHandlerMapping [WelcomePageHandlerMapping.java:57] Adding welcome page template: index
2022-08-15 13:04:42,931 INFO [main] c.x.m.MailTest [StartupInfoLogger.java:61] Started MailTest in 3.126 seconds (JVM running for 4.033)
2022-08-15 13:11:10,908 INFO [main] c.x.m.MailTest [StartupInfoLogger.java:55] Starting MailTest using Java 1.8.0_341 on PC-20220811KRGE with PID 18348 (started by Administrator in D:\DevelopToolData\IDEA_CODE\8月秋招项目\MyNowCoder\MyNowCoder)
2022-08-15 13:11:10,910 INFO [main] c.x.m.MailTest [SpringApplication.java:634] No active profile set, falling back to 1 default profile: "default"
2022-08-15 13:11:12,691 INFO [main] o.s.b.a.w.s.WelcomePageHandlerMapping [WelcomePageHandlerMapping.java:57] Adding welcome page template: index
2022-08-15 13:11:13,056 INFO [main] c.x.m.MailTest [StartupInfoLogger.java:61] Started MailTest in 2.656 seconds (JVM running for 3.757)
2022-08-15 13:21:49,402 INFO [restartedMain] c.x.m.MyNowCoderApplication [StartupInfoLogger.java:55] Starting MyNowCoderApplication using Java 1.8.0_341 on PC-20220811KRGE with PID 5368 (D:\DevelopToolData\IDEA_CODE\8月秋招项目\MyNowCoder\MyNowCoder\target\classes started by Administrator in D:\DevelopToolData\IDEA_CODE\8月秋招项目\MyNowCoder\MyNowCoder)
2022-08-15 13:21:49,403 INFO [restartedMain] c.x.m.MyNowCoderApplication [SpringApplication.java:634] No active profile set, falling back to 1 default profile: "default"
2022-08-15 13:21:49,449 INFO [restartedMain] o.s.b.d.e.DevToolsPropertyDefaultsPostProcessor [DeferredLog.java:255] Devtools property defaults active! Set 'spring.devtools.add-properties' to 'false' to disable
2022-08-15 13:21:49,450 INFO [restartedMain] o.s.b.d.e.DevToolsPropertyDefaultsPostProcessor [DeferredLog.java:255] For additional web related logging consider setting the 'logging.level.web' property to 'DEBUG'
2022-08-15 13:21:50,470 INFO [restartedMain] o.s.b.w.e.t.TomcatWebServer [TomcatWebServer.java:108] Tomcat initialized with port(s): 8083 (http)
2022-08-15 13:21:50,478 INFO [restartedMain] o.a.c.h.Http11NioProtocol [DirectJDKLog.java:173] Initializing ProtocolHandler ["http-nio-8083"]
2022-08-15 13:21:50,478 INFO [restartedMain] o.a.c.c.StandardService [DirectJDKLog.java:173] Starting service [Tomcat]
2022-08-15 13:21:50,479 INFO [restartedMain] o.a.c.c.StandardEngine [DirectJDKLog.java:173] Starting Servlet engine: [Apache Tomcat/9.0.65]
2022-08-15 13:21:50,549 INFO [restartedMain] o.a.c.c.C.[.[.[/] [DirectJDKLog.java:173] Initializing Spring embedded WebApplicationContext
2022-08-15 13:21:50,549 INFO [restartedMain] o.s.b.w.s.c.ServletWebServerApplicationContext [ServletWebServerApplicationContext.java:292] Root WebApplicationContext: initialization completed in 1099 ms
2022-08-15 13:21:50,983 INFO [restartedMain] o.s.b.a.w.s.WelcomePageHandlerMapping [WelcomePageHandlerMapping.java:57] Adding welcome page template: index
2022-08-15 13:21:51,142 INFO [restartedMain] o.s.b.d.a.OptionalLiveReloadServer [OptionalLiveReloadServer.java:58] LiveReload server is running on port 35729
2022-08-15 13:21:51,163 INFO [restartedMain] o.a.c.h.Http11NioProtocol [DirectJDKLog.java:173] Starting ProtocolHandler ["http-nio-8083"]
2022-08-15 13:21:51,178 INFO [restartedMain] o.s.b.w.e.t.TomcatWebServer [TomcatWebServer.java:220] Tomcat started on port(s): 8083 (http) with context path ''
2022-08-15 13:21:51,188 INFO [restartedMain] c.x.m.MyNowCoderApplication [StartupInfoLogger.java:61] Started MyNowCoderApplication in 2.245 seconds (JVM running for 3.424)
2022-08-15 13:22:00,960 INFO [http-nio-8083-exec-1] o.a.c.c.C.[.[.[/] [DirectJDKLog.java:173] Initializing Spring DispatcherServlet 'dispatcherServlet'
2022-08-15 13:22:00,960 INFO [http-nio-8083-exec-1] o.s.w.s.DispatcherServlet [FrameworkServlet.java:525] Initializing Servlet 'dispatcherServlet'
2022-08-15 13:22:00,961 INFO [http-nio-8083-exec-1] o.s.w.s.DispatcherServlet [FrameworkServlet.java:547] Completed initialization in 1 ms
2022-08-15 13:22:01,062 INFO [http-nio-8083-exec-1] c.z.h.HikariDataSource [HikariDataSource.java:110] HikariPool-1 - Starting...
2022-08-15 13:22:01,465 INFO [http-nio-8083-exec-1] c.z.h.HikariDataSource [HikariDataSource.java:123] HikariPool-1 - Start completed.
2022-08-15 13:32:08,660 INFO [SpringApplicationShutdownHook] c.z.h.HikariDataSource [HikariDataSource.java:350] HikariPool-1 - Shutdown initiated...
2022-08-15 13:32:08,672 INFO [SpringApplicationShutdownHook] c.z.h.HikariDataSource [HikariDataSource.java:352] HikariPool-1 - Shutdown completed.
2022-08-15 13:35:32,757 INFO [restartedMain] c.x.m.MyNowCoderApplication [StartupInfoLogger.java:55] Starting MyNowCoderApplication using Java 1.8.0_341 on PC-20220811KRGE with PID 9668 (D:\DevelopToolData\IDEA_CODE\8月秋招项目\MyNowCoder\MyNowCoder\target\classes started by Administrator in D:\DevelopToolData\IDEA_CODE\8月秋招项目\MyNowCoder\MyNowCoder)
2022-08-15 13:35:32,759 INFO [restartedMain] c.x.m.MyNowCoderApplication [SpringApplication.java:634] No active profile set, falling back to 1 default profile: "default"
2022-08-15 13:35:32,798 INFO [restartedMain] o.s.b.d.e.DevToolsPropertyDefaultsPostProcessor [DeferredLog.java:255] Devtools property defaults active! Set 'spring.devtools.add-properties' to 'false' to disable
2022-08-15 13:35:32,799 INFO [restartedMain] o.s.b.d.e.DevToolsPropertyDefaultsPostProcessor [DeferredLog.java:255] For additional web related logging consider setting the 'logging.level.web' property to 'DEBUG'
2022-08-15 13:35:33,564 INFO [restartedMain] o.s.b.w.e.t.TomcatWebServer [TomcatWebServer.java:108] Tomcat initialized with port(s): 8083 (http)
2022-08-15 13:35:33,570 INFO [restartedMain] o.a.c.h.Http11NioProtocol [DirectJDKLog.java:173] Initializing ProtocolHandler ["http-nio-8083"]
2022-08-15 13:35:33,570 INFO [restartedMain] o.a.c.c.StandardService [DirectJDKLog.java:173] Starting service [Tomcat]
2022-08-15 13:35:33,570 INFO [restartedMain] o.a.c.c.StandardEngine [DirectJDKLog.java:173] Starting Servlet engine: [Apache Tomcat/9.0.65]
2022-08-15 13:35:33,628 INFO [restartedMain] o.a.c.c.C.[.[.[/] [DirectJDKLog.java:173] Initializing Spring embedded WebApplicationContext
2022-08-15 13:35:33,629 INFO [restartedMain] o.s.b.w.s.c.ServletWebServerApplicationContext [ServletWebServerApplicationContext.java:292] Root WebApplicationContext: initialization completed in 830 ms
2022-08-15 13:35:33,990 INFO [restartedMain] o.s.b.a.w.s.WelcomePageHandlerMapping [WelcomePageHandlerMapping.java:57] Adding welcome page template: index
2022-08-15 13:35:34,095 INFO [restartedMain] o.s.b.d.a.OptionalLiveReloadServer [OptionalLiveReloadServer.java:58] LiveReload server is running on port 35729
2022-08-15 13:35:34,114 INFO [restartedMain] o.a.c.h.Http11NioProtocol [DirectJDKLog.java:173] Starting ProtocolHandler ["http-nio-8083"]
2022-08-15 13:35:34,126 INFO [restartedMain] o.s.b.w.e.t.TomcatWebServer [TomcatWebServer.java:220] Tomcat started on port(s): 8083 (http) with context path ''
2022-08-15 13:35:34,134 INFO [restartedMain] c.x.m.MyNowCoderApplication [StartupInfoLogger.java:61] Started MyNowCoderApplication in 1.723 seconds (JVM running for 2.5)
2022-08-15 13:35:42,564 INFO [http-nio-8083-exec-1] o.a.c.c.C.[.[.[/] [DirectJDKLog.java:173] Initializing Spring DispatcherServlet 'dispatcherServlet'
2022-08-15 13:35:42,564 INFO [http-nio-8083-exec-1] o.s.w.s.DispatcherServlet [FrameworkServlet.java:525] Initializing Servlet 'dispatcherServlet'
2022-08-15 13:35:42,565 INFO [http-nio-8083-exec-1] o.s.w.s.DispatcherServlet [FrameworkServlet.java:547] Completed initialization in 1 ms
2022-08-15 13:35:44,228 INFO [http-nio-8083-exec-6] c.z.h.HikariDataSource [HikariDataSource.java:110] HikariPool-1 - Starting...
2022-08-15 13:35:44,530 INFO [http-nio-8083-exec-6] c.z.h.HikariDataSource [HikariDataSource.java:123] HikariPool-1 - Start completed.
2022-08-15 13:35:54,381 INFO [SpringApplicationShutdownHook] c.z.h.HikariDataSource [HikariDataSource.java:350] HikariPool-1 - Shutdown initiated...
2022-08-15 13:35:54,387 INFO [SpringApplicationShutdownHook] c.z.h.HikariDataSource [HikariDataSource.java:352] HikariPool-1 - Shutdown completed.
2022-08-15 13:35:57,223 INFO [restartedMain] c.x.m.MyNowCoderApplication [StartupInfoLogger.java:55] Starting MyNowCoderApplication using Java 1.8.0_341 on PC-20220811KRGE with PID 17936 (D:\DevelopToolData\IDEA_CODE\8月秋招项目\MyNowCoder\MyNowCoder\target\classes started by Administrator in D:\DevelopToolData\IDEA_CODE\8月秋招项目\MyNowCoder\MyNowCoder)
2022-08-15 13:35:57,225 INFO [restartedMain] c.x.m.MyNowCoderApplication [SpringApplication.java:634] No active profile set, falling back to 1 default profile: "default"
2022-08-15 13:35:57,262 INFO [restartedMain] o.s.b.d.e.DevToolsPropertyDefaultsPostProcessor [DeferredLog.java:255] Devtools property defaults active! Set 'spring.devtools.add-properties' to 'false' to disable
2022-08-15 13:35:57,263 INFO [restartedMain] o.s.b.d.e.DevToolsPropertyDefaultsPostProcessor [DeferredLog.java:255] For additional web related logging consider setting the 'logging.level.web' property to 'DEBUG'
2022-08-15 13:35:57,866 INFO [restartedMain] o.s.b.a.l.ConditionEvaluationReportLoggingListener [ConditionEvaluationReportLoggingListener.java:136] 

Error starting ApplicationContext. To display the conditions report re-run your application with 'debug' enabled.
2022-08-15 13:36:23,504 INFO [restartedMain] c.x.m.MyNowCoderApplication [StartupInfoLogger.java:55] Starting MyNowCoderApplication using Java 1.8.0_341 on PC-20220811KRGE with PID 2416 (D:\DevelopToolData\IDEA_CODE\8月秋招项目\MyNowCoder\MyNowCoder\target\classes started by Administrator in D:\DevelopToolData\IDEA_CODE\8月秋招项目\MyNowCoder\MyNowCoder)
2022-08-15 13:36:23,504 INFO [restartedMain] c.x.m.MyNowCoderApplication [SpringApplication.java:634] No active profile set, falling back to 1 default profile: "default"
2022-08-15 13:36:23,541 INFO [restartedMain] o.s.b.d.e.DevToolsPropertyDefaultsPostProcessor [DeferredLog.java:255] Devtools property defaults active! Set 'spring.devtools.add-properties' to 'false' to disable
2022-08-15 13:36:23,542 INFO [restartedMain] o.s.b.d.e.DevToolsPropertyDefaultsPostProcessor [DeferredLog.java:255] For additional web related logging consider setting the 'logging.level.web' property to 'DEBUG'
2022-08-15 13:36:24,301 INFO [restartedMain] o.s.b.w.e.t.TomcatWebServer [TomcatWebServer.java:108] Tomcat initialized with port(s): 8083 (http)
2022-08-15 13:36:24,306 INFO [restartedMain] o.a.c.h.Http11NioProtocol [DirectJDKLog.java:173] Initializing ProtocolHandler ["http-nio-8083"]
2022-08-15 13:36:24,307 INFO [restartedMain] o.a.c.c.StandardService [DirectJDKLog.java:173] Starting service [Tomcat]
2022-08-15 13:36:24,307 INFO [restartedMain] o.a.c.c.StandardEngine [DirectJDKLog.java:173] Starting Servlet engine: [Apache Tomcat/9.0.65]
2022-08-15 13:36:24,359 INFO [restartedMain] o.a.c.c.C.[.[.[/now] [DirectJDKLog.java:173] Initializing Spring embedded WebApplicationContext
2022-08-15 13:36:24,360 INFO [restartedMain] o.s.b.w.s.c.ServletWebServerApplicationContext [ServletWebServerApplicationContext.java:292] Root WebApplicationContext: initialization completed in 818 ms
2022-08-15 13:36:24,718 INFO [restartedMain] o.s.b.a.w.s.WelcomePageHandlerMapping [WelcomePageHandlerMapping.java:57] Adding welcome page template: index
2022-08-15 13:36:24,816 INFO [restartedMain] o.s.b.d.a.OptionalLiveReloadServer [OptionalLiveReloadServer.java:58] LiveReload server is running on port 35729
2022-08-15 13:36:24,834 INFO [restartedMain] o.a.c.h.Http11NioProtocol [DirectJDKLog.java:173] Starting ProtocolHandler ["http-nio-8083"]
2022-08-15 13:36:24,845 INFO [restartedMain] o.s.b.w.e.t.TomcatWebServer [TomcatWebServer.java:220] Tomcat started on port(s): 8083 (http) with context path '/now'
2022-08-15 13:36:24,852 INFO [restartedMain] c.x.m.MyNowCoderApplication [StartupInfoLogger.java:61] Started MyNowCoderApplication in 1.679 seconds (JVM running for 2.419)
2022-08-15 13:36:42,931 INFO [http-nio-8083-exec-7] o.a.c.c.C.[.[.[/now] [DirectJDKLog.java:173] Initializing Spring DispatcherServlet 'dispatcherServlet'
2022-08-15 13:36:42,931 INFO [http-nio-8083-exec-7] o.s.w.s.DispatcherServlet [FrameworkServlet.java:525] Initializing Servlet 'dispatcherServlet'
2022-08-15 13:36:42,932 INFO [http-nio-8083-exec-7] o.s.w.s.DispatcherServlet [FrameworkServlet.java:547] Completed initialization in 1 ms
2022-08-15 13:36:42,976 INFO [http-nio-8083-exec-7] c.z.h.HikariDataSource [HikariDataSource.java:110] HikariPool-1 - Starting...
2022-08-15 13:36:43,280 INFO [http-nio-8083-exec-7] c.z.h.HikariDataSource [HikariDataSource.java:123] HikariPool-1 - Start completed.
2022-08-15 13:37:59,230 INFO [SpringApplicationShutdownHook] c.z.h.HikariDataSource [HikariDataSource.java:350] HikariPool-1 - Shutdown initiated...
2022-08-15 13:37:59,234 INFO [SpringApplicationShutdownHook] c.z.h.HikariDataSource [HikariDataSource.java:352] HikariPool-1 - Shutdown completed.
2022-08-15 13:52:20,105 INFO [main] c.x.m.MailTest [StartupInfoLogger.java:55] Starting MailTest using Java 1.8.0_341 on PC-20220811KRGE with PID 1252 (started by Administrator in D:\DevelopToolData\IDEA_CODE\8月秋招项目\MyNowCoder\MyNowCoder)
2022-08-15 13:52:20,107 INFO [main] c.x.m.MailTest [SpringApplication.java:634] No active profile set, falling back to 1 default profile: "default"
2022-08-15 13:52:21,725 INFO [main] o.s.b.a.w.s.WelcomePageHandlerMapping [WelcomePageHandlerMapping.java:57] Adding welcome page template: index
2022-08-15 13:52:21,992 INFO [main] c.x.m.MailTest [StartupInfoLogger.java:61] Started MailTest in 2.332 seconds (JVM running for 3.12)
2022-08-15 14:13:29,829 INFO [main] c.x.m.MailTest [StartupInfoLogger.java:55] Starting MailTest using Java 1.8.0_341 on PC-20220811KRGE with PID 1880 (started by Administrator in D:\DevelopToolData\IDEA_CODE\8月秋招项目\MyNowCoder\MyNowCoder)
2022-08-15 14:13:29,831 INFO [main] c.x.m.MailTest [SpringApplication.java:634] No active profile set, falling back to 1 default profile: "default"
2022-08-15 14:13:32,249 INFO [main] o.s.b.a.w.s.WelcomePageHandlerMapping [WelcomePageHandlerMapping.java:57] Adding welcome page template: index
2022-08-15 14:13:32,751 INFO [main] c.x.m.MailTest [StartupInfoLogger.java:61] Started MailTest in 3.537 seconds (JVM running for 4.638)
2022-08-15 14:13:45,257 INFO [restartedMain] c.x.m.MyNowCoderApplication [StartupInfoLogger.java:55] Starting MyNowCoderApplication using Java 1.8.0_341 on PC-20220811KRGE with PID 1968 (D:\DevelopToolData\IDEA_CODE\8月秋招项目\MyNowCoder\MyNowCoder\target\classes started by Administrator in D:\DevelopToolData\IDEA_CODE\8月秋招项目\MyNowCoder\MyNowCoder)
2022-08-15 14:13:45,259 INFO [restartedMain] c.x.m.MyNowCoderApplication [SpringApplication.java:634] No active profile set, falling back to 1 default profile: "default"
2022-08-15 14:13:45,292 INFO [restartedMain] o.s.b.d.e.DevToolsPropertyDefaultsPostProcessor [DeferredLog.java:255] Devtools property defaults active! Set 'spring.devtools.add-properties' to 'false' to disable
2022-08-15 14:13:45,292 INFO [restartedMain] o.s.b.d.e.DevToolsPropertyDefaultsPostProcessor [DeferredLog.java:255] For additional web related logging consider setting the 'logging.level.web' property to 'DEBUG'
2022-08-15 14:13:46,325 INFO [restartedMain] o.s.b.w.e.t.TomcatWebServer [TomcatWebServer.java:108] Tomcat initialized with port(s): 8083 (http)
2022-08-15 14:13:46,333 INFO [restartedMain] o.a.c.h.Http11NioProtocol [DirectJDKLog.java:173] Initializing ProtocolHandler ["http-nio-8083"]
2022-08-15 14:13:46,334 INFO [restartedMain] o.a.c.c.StandardService [DirectJDKLog.java:173] Starting service [Tomcat]
2022-08-15 14:13:46,334 INFO [restartedMain] o.a.c.c.StandardEngine [DirectJDKLog.java:173] Starting Servlet engine: [Apache Tomcat/9.0.65]
2022-08-15 14:13:46,418 INFO [restartedMain] o.a.c.c.C.[.[.[/] [DirectJDKLog.java:173] Initializing Spring embedded WebApplicationContext
2022-08-15 14:13:46,418 INFO [restartedMain] o.s.b.w.s.c.ServletWebServerApplicationContext [ServletWebServerApplicationContext.java:292] Root WebApplicationContext: initialization completed in 1126 ms
2022-08-15 14:13:46,884 INFO [restartedMain] o.s.b.a.w.s.WelcomePageHandlerMapping [WelcomePageHandlerMapping.java:57] Adding welcome page template: index
2022-08-15 14:13:47,042 INFO [restartedMain] o.s.b.d.a.OptionalLiveReloadServer [OptionalLiveReloadServer.java:58] LiveReload server is running on port 35729
2022-08-15 14:13:47,064 INFO [restartedMain] o.a.c.h.Http11NioProtocol [DirectJDKLog.java:173] Starting ProtocolHandler ["http-nio-8083"]
2022-08-15 14:13:47,081 INFO [restartedMain] o.s.b.w.e.t.TomcatWebServer [TomcatWebServer.java:220] Tomcat started on port(s): 8083 (http) with context path ''
2022-08-15 14:13:47,089 INFO [restartedMain] c.x.m.MyNowCoderApplication [StartupInfoLogger.java:61] Started MyNowCoderApplication in 2.35 seconds (JVM running for 3.416)
2022-08-15 14:14:07,626 INFO [http-nio-8083-exec-1] o.a.c.c.C.[.[.[/] [DirectJDKLog.java:173] Initializing Spring DispatcherServlet 'dispatcherServlet'
2022-08-15 14:14:07,626 INFO [http-nio-8083-exec-1] o.s.w.s.DispatcherServlet [FrameworkServlet.java:525] Initializing Servlet 'dispatcherServlet'
2022-08-15 14:14:07,628 INFO [http-nio-8083-exec-1] o.s.w.s.DispatcherServlet [FrameworkServlet.java:547] Completed initialization in 1 ms
2022-08-15 14:14:07,685 INFO [http-nio-8083-exec-1] c.z.h.HikariDataSource [HikariDataSource.java:110] HikariPool-1 - Starting...
2022-08-15 14:14:08,057 INFO [http-nio-8083-exec-1] c.z.h.HikariDataSource [HikariDataSource.java:123] HikariPool-1 - Start completed.
2022-08-15 14:19:19,515 INFO [SpringApplicationShutdownHook] c.z.h.HikariDataSource [HikariDataSource.java:350] HikariPool-1 - Shutdown initiated...
2022-08-15 14:19:19,522 INFO [SpringApplicationShutdownHook] c.z.h.HikariDataSource [HikariDataSource.java:352] HikariPool-1 - Shutdown completed.
2022-08-15 14:31:18,387 INFO [restartedMain] c.x.m.MyNowCoderApplication [StartupInfoLogger.java:55] Starting MyNowCoderApplication using Java 1.8.0_341 on PC-20220811KRGE with PID 12800 (D:\DevelopToolData\IDEA_CODE\8月秋招项目\MyNowCoder\MyNowCoder\target\classes started by Administrator in D:\DevelopToolData\IDEA_CODE\8月秋招项目\MyNowCoder\MyNowCoder)
2022-08-15 14:31:18,401 INFO [restartedMain] c.x.m.MyNowCoderApplication [SpringApplication.java:634] No active profile set, falling back to 1 default profile: "default"
2022-08-15 14:31:18,450 INFO [restartedMain] o.s.b.d.e.DevToolsPropertyDefaultsPostProcessor [DeferredLog.java:255] Devtools property defaults active! Set 'spring.devtools.add-properties' to 'false' to disable
2022-08-15 14:31:18,450 INFO [restartedMain] o.s.b.d.e.DevToolsPropertyDefaultsPostProcessor [DeferredLog.java:255] For additional web related logging consider setting the 'logging.level.web' property to 'DEBUG'
2022-08-15 14:31:21,325 INFO [restartedMain] o.s.b.w.e.t.TomcatWebServer [TomcatWebServer.java:108] Tomcat initialized with port(s): 8083 (http)
2022-08-15 14:31:21,337 INFO [restartedMain] o.a.c.h.Http11NioProtocol [DirectJDKLog.java:173] Initializing ProtocolHandler ["http-nio-8083"]
2022-08-15 14:31:21,337 INFO [restartedMain] o.a.c.c.StandardService [DirectJDKLog.java:173] Starting service [Tomcat]
2022-08-15 14:31:21,338 INFO [restartedMain] o.a.c.c.StandardEngine [DirectJDKLog.java:173] Starting Servlet engine: [Apache Tomcat/9.0.65]
2022-08-15 14:31:21,436 INFO [restartedMain] o.a.c.c.C.[.[.[/] [DirectJDKLog.java:173] Initializing Spring embedded WebApplicationContext
2022-08-15 14:31:21,437 INFO [restartedMain] o.s.b.w.s.c.ServletWebServerApplicationContext [ServletWebServerApplicationContext.java:292] Root WebApplicationContext: initialization completed in 2962 ms
2022-08-15 14:31:23,063 INFO [restartedMain] o.s.b.a.w.s.WelcomePageHandlerMapping [WelcomePageHandlerMapping.java:57] Adding welcome page template: index
2022-08-15 14:31:23,380 INFO [restartedMain] o.s.b.d.a.OptionalLiveReloadServer [OptionalLiveReloadServer.java:58] LiveReload server is running on port 35729
2022-08-15 14:31:23,442 INFO [restartedMain] o.a.c.h.Http11NioProtocol [DirectJDKLog.java:173] Starting ProtocolHandler ["http-nio-8083"]
2022-08-15 14:31:23,481 INFO [restartedMain] o.s.b.w.e.t.TomcatWebServer [TomcatWebServer.java:220] Tomcat started on port(s): 8083 (http) with context path ''
2022-08-15 14:31:23,511 INFO [restartedMain] c.x.m.MyNowCoderApplication [StartupInfoLogger.java:61] Started MyNowCoderApplication in 6.207 seconds (JVM running for 7.46)
2022-08-15 14:31:34,658 INFO [http-nio-8083-exec-4] o.a.c.c.C.[.[.[/] [DirectJDKLog.java:173] Initializing Spring DispatcherServlet 'dispatcherServlet'
2022-08-15 14:31:34,658 INFO [http-nio-8083-exec-4] o.s.w.s.DispatcherServlet [FrameworkServlet.java:525] Initializing Servlet 'dispatcherServlet'
2022-08-15 14:31:34,659 INFO [http-nio-8083-exec-4] o.s.w.s.DispatcherServlet [FrameworkServlet.java:547] Completed initialization in 1 ms
2022-08-15 14:31:34,722 INFO [http-nio-8083-exec-4] c.z.h.HikariDataSource [HikariDataSource.java:110] HikariPool-1 - Starting...
2022-08-15 14:31:35,153 INFO [http-nio-8083-exec-4] c.z.h.HikariDataSource [HikariDataSource.java:123] HikariPool-1 - Start completed.
2022-08-15 14:34:19,585 INFO [SpringApplicationShutdownHook] c.z.h.HikariDataSource [HikariDataSource.java:350] HikariPool-1 - Shutdown initiated...
2022-08-15 14:34:19,596 INFO [SpringApplicationShutdownHook] c.z.h.HikariDataSource [HikariDataSource.java:352] HikariPool-1 - Shutdown completed.
2022-08-15 14:54:59,478 INFO [restartedMain] c.x.m.MyNowCoderApplication [StartupInfoLogger.java:55] Starting MyNowCoderApplication using Java 1.8.0_341 on PC-20220811KRGE with PID 16536 (D:\DevelopToolData\IDEA_CODE\8月秋招项目\MyNowCoder\MyNowCoder\target\classes started by Administrator in D:\DevelopToolData\IDEA_CODE\8月秋招项目\MyNowCoder\MyNowCoder)
2022-08-15 14:54:59,480 INFO [restartedMain] c.x.m.MyNowCoderApplication [SpringApplication.java:634] No active profile set, falling back to 1 default profile: "default"
2022-08-15 14:54:59,522 INFO [restartedMain] o.s.b.d.e.DevToolsPropertyDefaultsPostProcessor [DeferredLog.java:255] Devtools property defaults active! Set 'spring.devtools.add-properties' to 'false' to disable
2022-08-15 14:54:59,522 INFO [restartedMain] o.s.b.d.e.DevToolsPropertyDefaultsPostProcessor [DeferredLog.java:255] For additional web related logging consider setting the 'logging.level.web' property to 'DEBUG'
2022-08-15 14:55:00,836 INFO [restartedMain] o.s.b.w.e.t.TomcatWebServer [TomcatWebServer.java:108] Tomcat initialized with port(s): 8083 (http)
2022-08-15 14:55:00,845 INFO [restartedMain] o.a.c.h.Http11NioProtocol [DirectJDKLog.java:173] Initializing ProtocolHandler ["http-nio-8083"]
2022-08-15 14:55:00,845 INFO [restartedMain] o.a.c.c.StandardService [DirectJDKLog.java:173] Starting service [Tomcat]
2022-08-15 14:55:00,846 INFO [restartedMain] o.a.c.c.StandardEngine [DirectJDKLog.java:173] Starting Servlet engine: [Apache Tomcat/9.0.65]
2022-08-15 14:55:00,921 INFO [restartedMain] o.a.c.c.C.[.[.[/] [DirectJDKLog.java:173] Initializing Spring embedded WebApplicationContext
2022-08-15 14:55:00,921 INFO [restartedMain] o.s.b.w.s.c.ServletWebServerApplicationContext [ServletWebServerApplicationContext.java:292] Root WebApplicationContext: initialization completed in 1399 ms
2022-08-15 14:55:01,454 INFO [restartedMain] o.s.b.a.w.s.WelcomePageHandlerMapping [WelcomePageHandlerMapping.java:57] Adding welcome page template: index
2022-08-15 14:55:01,655 INFO [restartedMain] o.s.b.d.a.OptionalLiveReloadServer [OptionalLiveReloadServer.java:58] LiveReload server is running on port 35729
2022-08-15 14:55:01,687 INFO [restartedMain] o.a.c.h.Http11NioProtocol [DirectJDKLog.java:173] Starting ProtocolHandler ["http-nio-8083"]
2022-08-15 14:55:01,707 INFO [restartedMain] o.s.b.w.e.t.TomcatWebServer [TomcatWebServer.java:220] Tomcat started on port(s): 8083 (http) with context path ''
2022-08-15 14:55:01,718 INFO [restartedMain] c.x.m.MyNowCoderApplication [StartupInfoLogger.java:61] Started MyNowCoderApplication in 2.825 seconds (JVM running for 3.95)
2022-08-15 14:55:17,673 INFO [http-nio-8083-exec-1] o.a.c.c.C.[.[.[/] [DirectJDKLog.java:173] Initializing Spring DispatcherServlet 'dispatcherServlet'
2022-08-15 14:55:17,673 INFO [http-nio-8083-exec-1] o.s.w.s.DispatcherServlet [FrameworkServlet.java:525] Initializing Servlet 'dispatcherServlet'
2022-08-15 14:55:17,674 INFO [http-nio-8083-exec-1] o.s.w.s.DispatcherServlet [FrameworkServlet.java:547] Completed initialization in 0 ms
2022-08-15 14:57:07,497 INFO [http-nio-8083-exec-8] c.z.h.HikariDataSource [HikariDataSource.java:110] HikariPool-1 - Starting...
2022-08-15 14:57:07,944 INFO [http-nio-8083-exec-8] c.z.h.HikariDataSource [HikariDataSource.java:123] HikariPool-1 - Start completed.
2022-08-15 15:18:22,449 INFO [SpringApplicationShutdownHook] c.z.h.HikariDataSource [HikariDataSource.java:350] HikariPool-1 - Shutdown initiated...
2022-08-15 15:18:22,474 INFO [SpringApplicationShutdownHook] c.z.h.HikariDataSource [HikariDataSource.java:352] HikariPool-1 - Shutdown completed.
2022-08-15 15:31:38,502 INFO [restartedMain] c.x.m.MyNowCoderApplication [StartupInfoLogger.java:55] Starting MyNowCoderApplication using Java 1.8.0_341 on PC-20220811KRGE with PID 12912 (D:\DevelopToolData\IDEA_CODE\8月秋招项目\MyNowCoder\MyNowCoder\target\classes started by Administrator in D:\DevelopToolData\IDEA_CODE\8月秋招项目\MyNowCoder\MyNowCoder)
2022-08-15 15:31:38,516 INFO [restartedMain] c.x.m.MyNowCoderApplication [SpringApplication.java:634] No active profile set, falling back to 1 default profile: "default"
2022-08-15 15:31:38,560 INFO [restartedMain] o.s.b.d.e.DevToolsPropertyDefaultsPostProcessor [DeferredLog.java:255] Devtools property defaults active! Set 'spring.devtools.add-properties' to 'false' to disable
2022-08-15 15:31:38,560 INFO [restartedMain] o.s.b.d.e.DevToolsPropertyDefaultsPostProcessor [DeferredLog.java:255] For additional web related logging consider setting the 'logging.level.web' property to 'DEBUG'
2022-08-15 15:31:40,689 INFO [restartedMain] o.s.b.w.e.t.TomcatWebServer [TomcatWebServer.java:108] Tomcat initialized with port(s): 8083 (http)
2022-08-15 15:31:40,706 INFO [restartedMain] o.a.c.h.Http11NioProtocol [DirectJDKLog.java:173] Initializing ProtocolHandler ["http-nio-8083"]
2022-08-15 15:31:40,707 INFO [restartedMain] o.a.c.c.StandardService [DirectJDKLog.java:173] Starting service [Tomcat]
2022-08-15 15:31:40,707 INFO [restartedMain] o.a.c.c.StandardEngine [DirectJDKLog.java:173] Starting Servlet engine: [Apache Tomcat/9.0.65]
2022-08-15 15:31:40,930 INFO [restartedMain] o.a.c.c.C.[.[.[/] [DirectJDKLog.java:173] Initializing Spring embedded WebApplicationContext
2022-08-15 15:31:40,940 INFO [restartedMain] o.s.b.w.s.c.ServletWebServerApplicationContext [ServletWebServerApplicationContext.java:292] Root WebApplicationContext: initialization completed in 2378 ms
2022-08-15 15:31:42,228 INFO [restartedMain] o.s.b.a.w.s.WelcomePageHandlerMapping [WelcomePageHandlerMapping.java:57] Adding welcome page template: index
2022-08-15 15:31:42,446 INFO [restartedMain] o.s.b.d.a.OptionalLiveReloadServer [OptionalLiveReloadServer.java:58] LiveReload server is running on port 35729
2022-08-15 15:31:42,480 INFO [restartedMain] o.a.c.h.Http11NioProtocol [DirectJDKLog.java:173] Starting ProtocolHandler ["http-nio-8083"]
2022-08-15 15:31:42,494 INFO [restartedMain] o.s.b.w.e.t.TomcatWebServer [TomcatWebServer.java:220] Tomcat started on port(s): 8083 (http) with context path ''
2022-08-15 15:31:42,504 INFO [restartedMain] c.x.m.MyNowCoderApplication [StartupInfoLogger.java:61] Started MyNowCoderApplication in 4.527 seconds (JVM running for 5.862)
2022-08-15 15:32:21,754 INFO [http-nio-8083-exec-1] o.a.c.c.C.[.[.[/] [DirectJDKLog.java:173] Initializing Spring DispatcherServlet 'dispatcherServlet'
2022-08-15 15:32:21,754 INFO [http-nio-8083-exec-1] o.s.w.s.DispatcherServlet [FrameworkServlet.java:525] Initializing Servlet 'dispatcherServlet'
2022-08-15 15:32:21,755 INFO [http-nio-8083-exec-1] o.s.w.s.DispatcherServlet [FrameworkServlet.java:547] Completed initialization in 1 ms
2022-08-15 15:35:29,616 INFO [restartedMain] c.x.m.MyNowCoderApplication [StartupInfoLogger.java:55] Starting MyNowCoderApplication using Java 1.8.0_341 on PC-20220811KRGE with PID 4372 (D:\DevelopToolData\IDEA_CODE\8月秋招项目\MyNowCoder\MyNowCoder\target\classes started by Administrator in D:\DevelopToolData\IDEA_CODE\8月秋招项目\MyNowCoder\MyNowCoder)
2022-08-15 15:35:29,617 INFO [restartedMain] c.x.m.MyNowCoderApplication [SpringApplication.java:634] No active profile set, falling back to 1 default profile: "default"
2022-08-15 15:35:29,660 INFO [restartedMain] o.s.b.d.e.DevToolsPropertyDefaultsPostProcessor [DeferredLog.java:255] Devtools property defaults active! Set 'spring.devtools.add-properties' to 'false' to disable
2022-08-15 15:35:29,660 INFO [restartedMain] o.s.b.d.e.DevToolsPropertyDefaultsPostProcessor [DeferredLog.java:255] For additional web related logging consider setting the 'logging.level.web' property to 'DEBUG'
2022-08-15 15:35:30,659 INFO [restartedMain] o.s.b.w.e.t.TomcatWebServer [TomcatWebServer.java:108] Tomcat initialized with port(s): 8083 (http)
2022-08-15 15:35:30,667 INFO [restartedMain] o.a.c.h.Http11NioProtocol [DirectJDKLog.java:173] Initializing ProtocolHandler ["http-nio-8083"]
2022-08-15 15:35:30,668 INFO [restartedMain] o.a.c.c.StandardService [DirectJDKLog.java:173] Starting service [Tomcat]
2022-08-15 15:35:30,668 INFO [restartedMain] o.a.c.c.StandardEngine [DirectJDKLog.java:173] Starting Servlet engine: [Apache Tomcat/9.0.65]
2022-08-15 15:35:30,760 INFO [restartedMain] o.a.c.c.C.[.[.[/] [DirectJDKLog.java:173] Initializing Spring embedded WebApplicationContext
2022-08-15 15:35:30,760 INFO [restartedMain] o.s.b.w.s.c.ServletWebServerApplicationContext [ServletWebServerApplicationContext.java:292] Root WebApplicationContext: initialization completed in 1099 ms
2022-08-15 15:35:31,291 INFO [restartedMain] o.s.b.a.w.s.WelcomePageHandlerMapping [WelcomePageHandlerMapping.java:57] Adding welcome page template: index
2022-08-15 15:35:31,428 INFO [restartedMain] o.s.b.d.a.OptionalLiveReloadServer [OptionalLiveReloadServer.java:58] LiveReload server is running on port 35729
2022-08-15 15:35:31,451 INFO [restartedMain] o.a.c.h.Http11NioProtocol [DirectJDKLog.java:173] Starting ProtocolHandler ["http-nio-8083"]
2022-08-15 15:35:31,468 INFO [restartedMain] o.s.b.w.e.t.TomcatWebServer [TomcatWebServer.java:220] Tomcat started on port(s): 8083 (http) with context path ''
2022-08-15 15:35:31,476 INFO [restartedMain] c.x.m.MyNowCoderApplication [StartupInfoLogger.java:61] Started MyNowCoderApplication in 2.299 seconds (JVM running for 3.233)
2022-08-15 15:35:36,807 INFO [http-nio-8083-exec-1] o.a.c.c.C.[.[.[/] [DirectJDKLog.java:173] Initializing Spring DispatcherServlet 'dispatcherServlet'
2022-08-15 15:35:36,807 INFO [http-nio-8083-exec-1] o.s.w.s.DispatcherServlet [FrameworkServlet.java:525] Initializing Servlet 'dispatcherServlet'
2022-08-15 15:35:36,808 INFO [http-nio-8083-exec-1] o.s.w.s.DispatcherServlet [FrameworkServlet.java:547] Completed initialization in 1 ms
2022-08-15 15:41:24,493 INFO [restartedMain] c.x.m.MyNowCoderApplication [StartupInfoLogger.java:55] Starting MyNowCoderApplication using Java 1.8.0_341 on PC-20220811KRGE with PID 18428 (D:\DevelopToolData\IDEA_CODE\8月秋招项目\MyNowCoder\MyNowCoder\target\classes started by Administrator in D:\DevelopToolData\IDEA_CODE\8月秋招项目\MyNowCoder\MyNowCoder)
2022-08-15 15:41:24,495 INFO [restartedMain] c.x.m.MyNowCoderApplication [SpringApplication.java:634] No active profile set, falling back to 1 default profile: "default"
2022-08-15 15:41:24,543 INFO [restartedMain] o.s.b.d.e.DevToolsPropertyDefaultsPostProcessor [DeferredLog.java:255] Devtools property defaults active! Set 'spring.devtools.add-properties' to 'false' to disable
2022-08-15 15:41:24,545 INFO [restartedMain] o.s.b.d.e.DevToolsPropertyDefaultsPostProcessor [DeferredLog.java:255] For additional web related logging consider setting the 'logging.level.web' property to 'DEBUG'
2022-08-15 15:41:25,581 INFO [restartedMain] o.s.b.w.e.t.TomcatWebServer [TomcatWebServer.java:108] Tomcat initialized with port(s): 8083 (http)
2022-08-15 15:41:25,589 INFO [restartedMain] o.a.c.h.Http11NioProtocol [DirectJDKLog.java:173] Initializing ProtocolHandler ["http-nio-8083"]
2022-08-15 15:41:25,589 INFO [restartedMain] o.a.c.c.StandardService [DirectJDKLog.java:173] Starting service [Tomcat]
2022-08-15 15:41:25,589 INFO [restartedMain] o.a.c.c.StandardEngine [DirectJDKLog.java:173] Starting Servlet engine: [Apache Tomcat/9.0.65]
2022-08-15 15:41:25,656 INFO [restartedMain] o.a.c.c.C.[.[.[/] [DirectJDKLog.java:173] Initializing Spring embedded WebApplicationContext
2022-08-15 15:41:25,657 INFO [restartedMain] o.s.b.w.s.c.ServletWebServerApplicationContext [ServletWebServerApplicationContext.java:292] Root WebApplicationContext: initialization completed in 1110 ms
2022-08-15 15:41:26,186 INFO [restartedMain] o.s.b.a.w.s.WelcomePageHandlerMapping [WelcomePageHandlerMapping.java:57] Adding welcome page template: index
2022-08-15 15:41:26,324 INFO [restartedMain] o.s.b.d.a.OptionalLiveReloadServer [OptionalLiveReloadServer.java:58] LiveReload server is running on port 35729
2022-08-15 15:41:26,347 INFO [restartedMain] o.a.c.h.Http11NioProtocol [DirectJDKLog.java:173] Starting ProtocolHandler ["http-nio-8083"]
2022-08-15 15:41:26,360 INFO [restartedMain] o.s.b.w.e.t.TomcatWebServer [TomcatWebServer.java:220] Tomcat started on port(s): 8083 (http) with context path ''
2022-08-15 15:41:26,371 INFO [restartedMain] c.x.m.MyNowCoderApplication [StartupInfoLogger.java:61] Started MyNowCoderApplication in 2.355 seconds (JVM running for 3.465)
2022-08-15 15:41:36,638 INFO [http-nio-8083-exec-1] o.a.c.c.C.[.[.[/] [DirectJDKLog.java:173] Initializing Spring DispatcherServlet 'dispatcherServlet'
2022-08-15 15:41:36,638 INFO [http-nio-8083-exec-1] o.s.w.s.DispatcherServlet [FrameworkServlet.java:525] Initializing Servlet 'dispatcherServlet'
2022-08-15 15:41:36,640 INFO [http-nio-8083-exec-1] o.s.w.s.DispatcherServlet [FrameworkServlet.java:547] Completed initialization in 2 ms
2022-08-15 15:42:04,306 INFO [restartedMain] c.x.m.MyNowCoderApplication [StartupInfoLogger.java:55] Starting MyNowCoderApplication using Java 1.8.0_341 on PC-20220811KRGE with PID 14064 (D:\DevelopToolData\IDEA_CODE\8月秋招项目\MyNowCoder\MyNowCoder\target\classes started by Administrator in D:\DevelopToolData\IDEA_CODE\8月秋招项目\MyNowCoder\MyNowCoder)
2022-08-15 15:42:04,315 INFO [restartedMain] c.x.m.MyNowCoderApplication [SpringApplication.java:634] No active profile set, falling back to 1 default profile: "default"
2022-08-15 15:42:04,350 INFO [restartedMain] o.s.b.d.e.DevToolsPropertyDefaultsPostProcessor [DeferredLog.java:255] Devtools property defaults active! Set 'spring.devtools.add-properties' to 'false' to disable
2022-08-15 15:42:04,351 INFO [restartedMain] o.s.b.d.e.DevToolsPropertyDefaultsPostProcessor [DeferredLog.java:255] For additional web related logging consider setting the 'logging.level.web' property to 'DEBUG'
2022-08-15 15:42:05,247 INFO [restartedMain] o.s.b.w.e.t.TomcatWebServer [TomcatWebServer.java:108] Tomcat initialized with port(s): 8083 (http)
2022-08-15 15:42:05,254 INFO [restartedMain] o.a.c.h.Http11NioProtocol [DirectJDKLog.java:173] Initializing ProtocolHandler ["http-nio-8083"]
2022-08-15 15:42:05,254 INFO [restartedMain] o.a.c.c.StandardService [DirectJDKLog.java:173] Starting service [Tomcat]
2022-08-15 15:42:05,255 INFO [restartedMain] o.a.c.c.StandardEngine [DirectJDKLog.java:173] Starting Servlet engine: [Apache Tomcat/9.0.65]
2022-08-15 15:42:05,314 INFO [restartedMain] o.a.c.c.C.[.[.[/] [DirectJDKLog.java:173] Initializing Spring embedded WebApplicationContext
2022-08-15 15:42:05,314 INFO [restartedMain] o.s.b.w.s.c.ServletWebServerApplicationContext [ServletWebServerApplicationContext.java:292] Root WebApplicationContext: initialization completed in 963 ms
2022-08-15 15:42:05,760 INFO [restartedMain] o.s.b.a.w.s.WelcomePageHandlerMapping [WelcomePageHandlerMapping.java:57] Adding welcome page template: index
2022-08-15 15:42:05,886 INFO [restartedMain] o.s.b.d.a.OptionalLiveReloadServer [OptionalLiveReloadServer.java:58] LiveReload server is running on port 35729
2022-08-15 15:42:05,908 INFO [restartedMain] o.a.c.h.Http11NioProtocol [DirectJDKLog.java:173] Starting ProtocolHandler ["http-nio-8083"]
2022-08-15 15:42:05,921 INFO [restartedMain] o.s.b.w.e.t.TomcatWebServer [TomcatWebServer.java:220] Tomcat started on port(s): 8083 (http) with context path ''
2022-08-15 15:42:05,930 INFO [restartedMain] c.x.m.MyNowCoderApplication [StartupInfoLogger.java:61] Started MyNowCoderApplication in 2.033 seconds (JVM running for 3.153)
2022-08-15 15:42:49,788 INFO [http-nio-8083-exec-1] o.a.c.c.C.[.[.[/] [DirectJDKLog.java:173] Initializing Spring DispatcherServlet 'dispatcherServlet'
2022-08-15 15:42:49,788 INFO [http-nio-8083-exec-1] o.s.w.s.DispatcherServlet [FrameworkServlet.java:525] Initializing Servlet 'dispatcherServlet'
2022-08-15 15:42:49,789 INFO [http-nio-8083-exec-1] o.s.w.s.DispatcherServlet [FrameworkServlet.java:547] Completed initialization in 1 ms
2022-08-15 15:56:17,534 INFO [restartedMain] c.x.m.MyNowCoderApplication [StartupInfoLogger.java:55] Starting MyNowCoderApplication using Java 1.8.0_341 on PC-20220811KRGE with PID 14064 (D:\DevelopToolData\IDEA_CODE\8月秋招项目\MyNowCoder\MyNowCoder\target\classes started by Administrator in D:\DevelopToolData\IDEA_CODE\8月秋招项目\MyNowCoder\MyNowCoder)
2022-08-15 15:56:17,535 INFO [restartedMain] c.x.m.MyNowCoderApplication [SpringApplication.java:634] No active profile set, falling back to 1 default profile: "default"
2022-08-15 15:56:17,994 INFO [restartedMain] o.s.b.w.e.t.TomcatWebServer [TomcatWebServer.java:108] Tomcat initialized with port(s): 8083 (http)
2022-08-15 15:56:17,995 INFO [restartedMain] o.a.c.h.Http11NioProtocol [DirectJDKLog.java:173] Initializing ProtocolHandler ["http-nio-8083"]
2022-08-15 15:56:17,996 INFO [restartedMain] o.a.c.c.StandardService [DirectJDKLog.java:173] Starting service [Tomcat]
2022-08-15 15:56:17,996 INFO [restartedMain] o.a.c.c.StandardEngine [DirectJDKLog.java:173] Starting Servlet engine: [Apache Tomcat/9.0.65]
2022-08-15 15:56:18,034 INFO [restartedMain] o.a.c.c.C.[.[.[/] [DirectJDKLog.java:173] Initializing Spring embedded WebApplicationContext
2022-08-15 15:56:18,034 INFO [restartedMain] o.s.b.w.s.c.ServletWebServerApplicationContext [ServletWebServerApplicationContext.java:292] Root WebApplicationContext: initialization completed in 496 ms
2022-08-15 15:56:18,292 INFO [restartedMain] o.s.b.a.w.s.WelcomePageHandlerMapping [WelcomePageHandlerMapping.java:57] Adding welcome page template: index
2022-08-15 15:56:18,334 INFO [restartedMain] o.s.b.d.a.OptionalLiveReloadServer [OptionalLiveReloadServer.java:58] LiveReload server is running on port 35729
2022-08-15 15:56:18,349 INFO [restartedMain] o.a.c.h.Http11NioProtocol [DirectJDKLog.java:173] Starting ProtocolHandler ["http-nio-8083"]
2022-08-15 15:56:18,351 INFO [restartedMain] o.s.b.w.e.t.TomcatWebServer [TomcatWebServer.java:220] Tomcat started on port(s): 8083 (http) with context path ''
2022-08-15 15:56:18,354 INFO [restartedMain] c.x.m.MyNowCoderApplication [StartupInfoLogger.java:61] Started MyNowCoderApplication in 0.888 seconds (JVM running for 855.576)
2022-08-15 15:56:18,355 INFO [restartedMain] o.s.b.d.a.ConditionEvaluationDeltaLoggingListener [ConditionEvaluationDeltaLoggingListener.java:63] Condition evaluation unchanged
2022-08-15 15:56:20,251 INFO [restartedMain] c.x.m.MyNowCoderApplication [StartupInfoLogger.java:55] Starting MyNowCoderApplication using Java 1.8.0_341 on PC-20220811KRGE with PID 14064 (D:\DevelopToolData\IDEA_CODE\8月秋招项目\MyNowCoder\MyNowCoder\target\classes started by Administrator in D:\DevelopToolData\IDEA_CODE\8月秋招项目\MyNowCoder\MyNowCoder)
2022-08-15 15:56:20,252 INFO [restartedMain] c.x.m.MyNowCoderApplication [SpringApplication.java:634] No active profile set, falling back to 1 default profile: "default"
2022-08-15 15:56:20,465 INFO [restartedMain] o.s.b.w.e.t.TomcatWebServer [TomcatWebServer.java:108] Tomcat initialized with port(s): 8083 (http)
2022-08-15 15:56:20,465 INFO [restartedMain] o.a.c.h.Http11NioProtocol [DirectJDKLog.java:173] Initializing ProtocolHandler ["http-nio-8083"]
2022-08-15 15:56:20,465 INFO [restartedMain] o.a.c.c.StandardService [DirectJDKLog.java:173] Starting service [Tomcat]
2022-08-15 15:56:20,466 INFO [restartedMain] o.a.c.c.StandardEngine [DirectJDKLog.java:173] Starting Servlet engine: [Apache Tomcat/9.0.65]
2022-08-15 15:56:20,483 INFO [restartedMain] o.a.c.c.C.[.[.[/] [DirectJDKLog.java:173] Initializing Spring embedded WebApplicationContext
2022-08-15 15:56:20,483 INFO [restartedMain] o.s.b.w.s.c.ServletWebServerApplicationContext [ServletWebServerApplicationContext.java:292] Root WebApplicationContext: initialization completed in 227 ms
2022-08-15 15:56:20,576 INFO [restartedMain] o.s.b.a.w.s.WelcomePageHandlerMapping [WelcomePageHandlerMapping.java:57] Adding welcome page template: index
2022-08-15 15:56:20,608 INFO [restartedMain] o.s.b.d.a.OptionalLiveReloadServer [OptionalLiveReloadServer.java:58] LiveReload server is running on port 35729
2022-08-15 15:56:20,617 INFO [restartedMain] o.a.c.h.Http11NioProtocol [DirectJDKLog.java:173] Starting ProtocolHandler ["http-nio-8083"]
2022-08-15 15:56:20,618 INFO [restartedMain] o.s.b.w.e.t.TomcatWebServer [TomcatWebServer.java:220] Tomcat started on port(s): 8083 (http) with context path ''
2022-08-15 15:56:20,621 INFO [restartedMain] c.x.m.MyNowCoderApplication [StartupInfoLogger.java:61] Started MyNowCoderApplication in 0.41 seconds (JVM running for 857.844)
2022-08-15 15:56:20,623 INFO [restartedMain] o.s.b.d.a.ConditionEvaluationDeltaLoggingListener [ConditionEvaluationDeltaLoggingListener.java:63] Condition evaluation unchanged
2022-08-15 15:56:28,880 INFO [main] c.x.m.MapperTests [StartupInfoLogger.java:55] Starting MapperTests using Java 1.8.0_341 on PC-20220811KRGE with PID 2384 (started by Administrator in D:\DevelopToolData\IDEA_CODE\8月秋招项目\MyNowCoder\MyNowCoder)
2022-08-15 15:56:28,882 INFO [main] c.x.m.MapperTests [SpringApplication.java:634] No active profile set, falling back to 1 default profile: "default"
2022-08-15 15:56:31,390 INFO [main] o.s.b.a.w.s.WelcomePageHandlerMapping [WelcomePageHandlerMapping.java:57] Adding welcome page template: index
2022-08-15 15:56:31,686 INFO [main] c.x.m.MapperTests [StartupInfoLogger.java:61] Started MapperTests in 3.352 seconds (JVM running for 12.577)
2022-08-15 15:56:31,932 INFO [main] c.z.h.HikariDataSource [HikariDataSource.java:110] HikariPool-1 - Starting...
2022-08-15 15:56:32,453 INFO [main] c.z.h.HikariDataSource [HikariDataSource.java:123] HikariPool-1 - Start completed.
2022-08-15 15:56:32,574 INFO [SpringApplicationShutdownHook] c.z.h.HikariDataSource [HikariDataSource.java:350] HikariPool-1 - Shutdown initiated...
2022-08-15 15:56:32,771 INFO [SpringApplicationShutdownHook] c.z.h.HikariDataSource [HikariDataSource.java:352] HikariPool-1 - Shutdown completed.
2022-08-15 15:56:46,952 INFO [main] c.x.m.MapperTests [StartupInfoLogger.java:55] Starting MapperTests using Java 1.8.0_341 on PC-20220811KRGE with PID 10548 (started by Administrator in D:\DevelopToolData\IDEA_CODE\8月秋招项目\MyNowCoder\MyNowCoder)
2022-08-15 15:56:46,953 INFO [main] c.x.m.MapperTests [SpringApplication.java:634] No active profile set, falling back to 1 default profile: "default"
2022-08-15 15:56:48,836 INFO [main] o.s.b.a.w.s.WelcomePageHandlerMapping [WelcomePageHandlerMapping.java:57] Adding welcome page template: index
2022-08-15 15:56:49,177 INFO [main] c.x.m.MapperTests [StartupInfoLogger.java:61] Started MapperTests in 2.703 seconds (JVM running for 3.551)
2022-08-15 15:56:49,426 INFO [main] c.z.h.HikariDataSource [HikariDataSource.java:110] HikariPool-1 - Starting...
2022-08-15 15:56:49,889 INFO [main] c.z.h.HikariDataSource [HikariDataSource.java:123] HikariPool-1 - Start completed.
2022-08-15 15:56:50,070 INFO [SpringApplicationShutdownHook] c.z.h.HikariDataSource [HikariDataSource.java:350] HikariPool-1 - Shutdown initiated...
2022-08-15 15:56:50,212 INFO [SpringApplicationShutdownHook] c.z.h.HikariDataSource [HikariDataSource.java:352] HikariPool-1 - Shutdown completed.
2022-08-15 16:23:04,256 INFO [main] c.x.m.MapperTests [StartupInfoLogger.java:55] Starting MapperTests using Java 1.8.0_341 on PC-20220811KRGE with PID 13220 (started by Administrator in D:\DevelopToolData\IDEA_CODE\8月秋招项目\MyNowCoder\MyNowCoder)
2022-08-15 16:23:04,258 INFO [main] c.x.m.MapperTests [SpringApplication.java:634] No active profile set, falling back to 1 default profile: "default"
2022-08-15 16:23:06,943 INFO [main] o.s.b.a.w.s.WelcomePageHandlerMapping [WelcomePageHandlerMapping.java:57] Adding welcome page template: index
2022-08-15 16:23:07,412 INFO [main] c.x.m.MapperTests [StartupInfoLogger.java:61] Started MapperTests in 3.77 seconds (JVM running for 4.937)
2022-08-15 16:23:07,726 INFO [main] c.z.h.HikariDataSource [HikariDataSource.java:110] HikariPool-1 - Starting...
2022-08-15 16:23:08,221 INFO [main] c.z.h.HikariDataSource [HikariDataSource.java:123] HikariPool-1 - Start completed.
2022-08-15 16:23:08,505 INFO [SpringApplicationShutdownHook] c.z.h.HikariDataSource [HikariDataSource.java:350] HikariPool-1 - Shutdown initiated...
2022-08-15 16:23:08,596 INFO [SpringApplicationShutdownHook] c.z.h.HikariDataSource [HikariDataSource.java:352] HikariPool-1 - Shutdown completed.
2022-08-15 16:23:17,114 INFO [restartedMain] c.x.m.MyNowCoderApplication [StartupInfoLogger.java:55] Starting MyNowCoderApplication using Java 1.8.0_341 on PC-20220811KRGE with PID 18052 (D:\DevelopToolData\IDEA_CODE\8月秋招项目\MyNowCoder\MyNowCoder\target\classes started by Administrator in D:\DevelopToolData\IDEA_CODE\8月秋招项目\MyNowCoder\MyNowCoder)
2022-08-15 16:23:17,116 INFO [restartedMain] c.x.m.MyNowCoderApplication [SpringApplication.java:634] No active profile set, falling back to 1 default profile: "default"
2022-08-15 16:23:17,175 INFO [restartedMain] o.s.b.d.e.DevToolsPropertyDefaultsPostProcessor [DeferredLog.java:255] Devtools property defaults active! Set 'spring.devtools.add-properties' to 'false' to disable
2022-08-15 16:23:17,176 INFO [restartedMain] o.s.b.d.e.DevToolsPropertyDefaultsPostProcessor [DeferredLog.java:255] For additional web related logging consider setting the 'logging.level.web' property to 'DEBUG'
2022-08-15 16:23:18,582 INFO [restartedMain] o.s.b.w.e.t.TomcatWebServer [TomcatWebServer.java:108] Tomcat initialized with port(s): 8083 (http)
2022-08-15 16:23:18,590 INFO [restartedMain] o.a.c.h.Http11NioProtocol [DirectJDKLog.java:173] Initializing ProtocolHandler ["http-nio-8083"]
2022-08-15 16:23:18,591 INFO [restartedMain] o.a.c.c.StandardService [DirectJDKLog.java:173] Starting service [Tomcat]
2022-08-15 16:23:18,591 INFO [restartedMain] o.a.c.c.StandardEngine [DirectJDKLog.java:173] Starting Servlet engine: [Apache Tomcat/9.0.65]
2022-08-15 16:23:18,664 INFO [restartedMain] o.a.c.c.C.[.[.[/] [DirectJDKLog.java:173] Initializing Spring embedded WebApplicationContext
2022-08-15 16:23:18,664 INFO [restartedMain] o.s.b.w.s.c.ServletWebServerApplicationContext [ServletWebServerApplicationContext.java:292] Root WebApplicationContext: initialization completed in 1487 ms
2022-08-15 16:23:19,200 INFO [restartedMain] o.s.b.a.w.s.WelcomePageHandlerMapping [WelcomePageHandlerMapping.java:57] Adding welcome page template: index
2022-08-15 16:23:19,329 INFO [restartedMain] o.s.b.d.a.OptionalLiveReloadServer [OptionalLiveReloadServer.java:58] LiveReload server is running on port 35729
2022-08-15 16:23:19,344 INFO [restartedMain] o.a.c.h.Http11NioProtocol [DirectJDKLog.java:173] Starting ProtocolHandler ["http-nio-8083"]
2022-08-15 16:23:19,361 INFO [restartedMain] o.s.b.w.e.t.TomcatWebServer [TomcatWebServer.java:220] Tomcat started on port(s): 8083 (http) with context path ''
2022-08-15 16:23:19,372 INFO [restartedMain] c.x.m.MyNowCoderApplication [StartupInfoLogger.java:61] Started MyNowCoderApplication in 3.117 seconds (JVM running for 4.235)
2022-08-15 16:23:41,966 INFO [http-nio-8083-exec-1] o.a.c.c.C.[.[.[/] [DirectJDKLog.java:173] Initializing Spring DispatcherServlet 'dispatcherServlet'
2022-08-15 16:23:41,966 INFO [http-nio-8083-exec-1] o.s.w.s.DispatcherServlet [FrameworkServlet.java:525] Initializing Servlet 'dispatcherServlet'
2022-08-15 16:23:41,967 INFO [http-nio-8083-exec-1] o.s.w.s.DispatcherServlet [FrameworkServlet.java:547] Completed initialization in 1 ms
2022-08-15 16:24:01,806 INFO [http-nio-8083-exec-3] c.z.h.HikariDataSource [HikariDataSource.java:110] HikariPool-1 - Starting...
2022-08-15 16:24:02,220 INFO [http-nio-8083-exec-3] c.z.h.HikariDataSource [HikariDataSource.java:123] HikariPool-1 - Start completed.
2022-08-15 16:31:52,375 INFO [SpringApplicationShutdownHook] c.z.h.HikariDataSource [HikariDataSource.java:350] HikariPool-1 - Shutdown initiated...
2022-08-15 16:31:52,385 INFO [SpringApplicationShutdownHook] c.z.h.HikariDataSource [HikariDataSource.java:352] HikariPool-1 - Shutdown completed.
2022-08-15 16:31:58,299 INFO [restartedMain] c.x.m.MyNowCoderApplication [StartupInfoLogger.java:55] Starting MyNowCoderApplication using Java 1.8.0_341 on PC-20220811KRGE with PID 8480 (D:\DevelopToolData\IDEA_CODE\8月秋招项目\MyNowCoder\MyNowCoder\target\classes started by Administrator in D:\DevelopToolData\IDEA_CODE\8月秋招项目\MyNowCoder\MyNowCoder)
2022-08-15 16:31:58,301 INFO [restartedMain] c.x.m.MyNowCoderApplication [SpringApplication.java:634] No active profile set, falling back to 1 default profile: "default"
2022-08-15 16:31:58,334 INFO [restartedMain] o.s.b.d.e.DevToolsPropertyDefaultsPostProcessor [DeferredLog.java:255] Devtools property defaults active! Set 'spring.devtools.add-properties' to 'false' to disable
2022-08-15 16:31:58,335 INFO [restartedMain] o.s.b.d.e.DevToolsPropertyDefaultsPostProcessor [DeferredLog.java:255] For additional web related logging consider setting the 'logging.level.web' property to 'DEBUG'
2022-08-15 16:31:59,295 INFO [restartedMain] o.s.b.w.e.t.TomcatWebServer [TomcatWebServer.java:108] Tomcat initialized with port(s): 8083 (http)
2022-08-15 16:31:59,302 INFO [restartedMain] o.a.c.h.Http11NioProtocol [DirectJDKLog.java:173] Initializing ProtocolHandler ["http-nio-8083"]
2022-08-15 16:31:59,302 INFO [restartedMain] o.a.c.c.StandardService [DirectJDKLog.java:173] Starting service [Tomcat]
2022-08-15 16:31:59,303 INFO [restartedMain] o.a.c.c.StandardEngine [DirectJDKLog.java:173] Starting Servlet engine: [Apache Tomcat/9.0.65]
2022-08-15 16:31:59,364 INFO [restartedMain] o.a.c.c.C.[.[.[/] [DirectJDKLog.java:173] Initializing Spring embedded WebApplicationContext
2022-08-15 16:31:59,365 INFO [restartedMain] o.s.b.w.s.c.ServletWebServerApplicationContext [ServletWebServerApplicationContext.java:292] Root WebApplicationContext: initialization completed in 1030 ms
2022-08-15 16:31:59,853 INFO [restartedMain] o.s.b.a.w.s.WelcomePageHandlerMapping [WelcomePageHandlerMapping.java:57] Adding welcome page template: index
2022-08-15 16:31:59,979 INFO [restartedMain] o.s.b.d.a.OptionalLiveReloadServer [OptionalLiveReloadServer.java:58] LiveReload server is running on port 35729
2022-08-15 16:31:59,994 INFO [restartedMain] o.a.c.h.Http11NioProtocol [DirectJDKLog.java:173] Starting ProtocolHandler ["http-nio-8083"]
2022-08-15 16:32:00,008 INFO [restartedMain] o.s.b.w.e.t.TomcatWebServer [TomcatWebServer.java:220] Tomcat started on port(s): 8083 (http) with context path ''
2022-08-15 16:32:00,017 INFO [restartedMain] c.x.m.MyNowCoderApplication [StartupInfoLogger.java:61] Started MyNowCoderApplication in 2.163 seconds (JVM running for 3.182)
2022-08-15 16:32:07,855 INFO [http-nio-8083-exec-1] o.a.c.c.C.[.[.[/] [DirectJDKLog.java:173] Initializing Spring DispatcherServlet 'dispatcherServlet'
2022-08-15 16:32:07,855 INFO [http-nio-8083-exec-1] o.s.w.s.DispatcherServlet [FrameworkServlet.java:525] Initializing Servlet 'dispatcherServlet'
2022-08-15 16:32:07,856 INFO [http-nio-8083-exec-1] o.s.w.s.DispatcherServlet [FrameworkServlet.java:547] Completed initialization in 1 ms
2022-08-15 16:32:07,909 INFO [http-nio-8083-exec-1] c.z.h.HikariDataSource [HikariDataSource.java:110] HikariPool-1 - Starting...
2022-08-15 16:32:08,288 INFO [http-nio-8083-exec-1] c.z.h.HikariDataSource [HikariDataSource.java:123] HikariPool-1 - Start completed.
2022-08-15 16:34:02,780 INFO [SpringApplicationShutdownHook] c.z.h.HikariDataSource [HikariDataSource.java:350] HikariPool-1 - Shutdown initiated...
2022-08-15 16:34:02,789 INFO [SpringApplicationShutdownHook] c.z.h.HikariDataSource [HikariDataSource.java:352] HikariPool-1 - Shutdown completed.
